[2018-04-11 09:48:33.648] [INFO] logs - request-get-url: http://apitest.zhib.net/category/list?timespan=03a28e01bdeddc68f5ecd005d56d6573&raid=7a74123196944231b3555d2898c90d97&dba=a65a14ce64aecd2c40ec8f719023510e5554b11f3965fa072c789b628eaa00fca972727d2694a9eb35b72845e30a3987****103ms
[2018-04-11 09:53:24.376] [INFO] logs - request-get-url: http://apitest.zhib.net/category/list?timespan=74a2a82631f6718091fb15852de773a5&raid=f9e2dae0bf4fd9fecc51bf13d75116da&dba=a65a14ce64aecd2c40ec8f719023510e5554b11f3965fa072c789b628eaa00fca972727d2694a9eb35b72845e30a3987****46ms
[2018-04-11 09:54:06.855] [INFO] logs - request-get-url: http://apitest.zhib.net/category/list?timespan=63357c2bfce6ec5a484a2cfa068e2117&raid=75246c777a143ae04aaf09b8b999a692&dba=a65a14ce64aecd2c40ec8f719023510e5554b11f3965fa072c789b628eaa00fca972727d2694a9eb35b72845e30a3987****38ms
[2018-04-11 09:57:15.636] [INFO] logs - request-get-url: http://apitest.zhib.net/category/list?timespan=b1456377858181c1a8e26f127944a0f0&raid=b10964b004f482c0b66cc7a3a66619ba&dba=a65a14ce64aecd2c40ec8f719023510e5554b11f3965fa072c789b628eaa00fca972727d2694a9eb35b72845e30a3987****65ms
[2018-04-11 09:57:24.618] [INFO] logs - request-get-url: http://apitest.zhib.net/category/list?timespan=161f3195e4a26f580640a9e8559cd4d6&raid=8a144cc51b33bd2f0d3662ed6667780b&dba=a65a14ce64aecd2c40ec8f719023510e5554b11f3965fa072c789b628eaa00fca972727d2694a9eb35b72845e30a3987****64ms
[2018-04-11 10:02:55.132] [INFO] logs - request-get-url: http://apitest.zhib.net/category/list?timespan=023caa2532c000cbb765d261e52a0e56&raid=679c3fae1a16f906892d6f88528db878&dba=a65a14ce64aecd2c40ec8f719023510e5554b11f3965fa072c789b628eaa00fca972727d2694a9eb35b72845e30a3987****74ms
[2018-04-11 10:20:21.005] [INFO] logs - request-get-url: http://apitest.zhib.net/category/list?timespan=de3d48934bcab731e61ea4855a4d2e1a&raid=309ca67203775e4d396728621b547ca1&dba=a65a14ce64aecd2c40ec8f719023510e5554b11f3965fa072c789b628eaa00fca972727d2694a9eb35b72845e30a3987****37ms
[2018-04-11 10:21:17.056] [INFO] logs - request-get-url: http://apitest.zhib.net/util/ru/rcd?timespan=69d44a9933ed4b155d5b7590d9daf414&raid=b50aff51d66a65707e3a7a5282811ec7&dba=bbc9c67ce3cc4aedc88aeacaf62dc876ac8bcaf2a9c672beecbc39a457ea2f5ba972727d2694a9eb35b72845e30a3987****53ms
[2018-04-11 10:21:17.104] [ERROR] logs - request-get-url-error: Error: Internal Server Error ,status: 500 ,url:http://apitest.zhib.net/util/ru/rcd****100ms
[2018-04-11 10:23:17.244] [INFO] logs - request-get-url: http://apitest.zhib.net/util/ru/rcd?timespan=d7c047b35055f5a11dfb1edb41f75ef8&raid=480e49755bc06e3136b84f999f05690e&dba=bbc9c67ce3cc4aedc88aeacaf62dc876ac8bcaf2a9c672beecbc39a457ea2f5ba972727d2694a9eb35b72845e30a3987****44ms
[2018-04-11 10:23:17.275] [ERROR] logs - request-get-url-error: Error: Internal Server Error ,status: 500 ,url:http://apitest.zhib.net/util/ru/rcd****75ms
[2018-04-11 10:25:41.980] [INFO] logs - request-get-url: http://apitest.zhib.net/util/ru/rcd?timespan=769144e2be848542301e243023c96b44&raid=4df07e2c9bc55b3037d5dbdaa04a5494&dba=bbc9c67ce3cc4aedc88aeacaf62dc876ac8bcaf2a9c672beecbc39a457ea2f5ba972727d2694a9eb35b72845e30a3987****51ms
[2018-04-11 10:25:42.000] [ERROR] logs - request-get-url-error: Error: Internal Server Error ,status: 500 ,url:http://apitest.zhib.net/util/ru/rcd****71ms
[2018-04-11 10:27:42.085] [INFO] logs - request-get-url: http://apitest.zhib.net/util/ru/rcd?timespan=c7d9448806e32d1c6ca0e35423784764&raid=a38f40835c76e35f6637e22e25ec3c73&dba=bbc9c67ce3cc4aedc88aeacaf62dc876ac8bcaf2a9c672beecbc39a457ea2f5ba972727d2694a9eb35b72845e30a3987****51ms
[2018-04-11 10:27:42.089] [ERROR] logs - request-get-url-error: Error: Internal Server Error ,status: 500 ,url:http://apitest.zhib.net/util/ru/rcd****55ms
[2018-04-11 10:30:48.611] [INFO] logs - request-get-url: http://apitest.zhib.net/category/list?timespan=1d1a56146c96663b56ab01b0e0b4ab69&raid=a558e9c073767ce4c0a63200e8f24376&dba=a65a14ce64aecd2c40ec8f719023510e5554b11f3965fa072c789b628eaa00fca972727d2694a9eb35b72845e30a3987****238ms
[2018-04-11 11:01:22.100] [INFO] logs - request-get-url: http://apitest.zhib.net/category/list?timespan=5298e91632429eac6a6df89d264e7675&raid=4b4270ec3be562ae297648dcf4e66fe9&dba=a65a14ce64aecd2c40ec8f719023510e5554b11f3965fa072c789b628eaa00fca972727d2694a9eb35b72845e30a3987****95ms
[2018-04-11 11:01:33.442] [INFO] logs - request-get-url: http://apitest.zhib.net/category/list?timespan=443621a6d09fe7934461ca65ece28e91&raid=e1eed4c45f88333d8fc82e3b145af020&dba=a65a14ce64aecd2c40ec8f719023510e5554b11f3965fa072c789b628eaa00fca972727d2694a9eb35b72845e30a3987****31ms
[2018-04-11 11:03:09.440] [INFO] logs - request-get-url: http://apitest.zhib.net/category/list?timespan=22c64a7869fa7d549611bf4a9e725082&raid=09584604163c88c8001d54aee7ed023c&dba=a65a14ce64aecd2c40ec8f719023510e5554b11f3965fa072c789b628eaa00fca972727d2694a9eb35b72845e30a3987****37ms
[2018-04-11 11:04:25.349] [INFO] logs - request-get-url: http://apitest.zhib.net/category/list?timespan=17b4d7d1970b8f1f6fd71824d9a56559&raid=94f881725b7cc73f022f60bfb42860a3&dba=a65a14ce64aecd2c40ec8f719023510e5554b11f3965fa072c789b628eaa00fca972727d2694a9eb35b72845e30a3987****31ms
[2018-04-11 11:04:55.379] [INFO] logs - request-get-url: http://apitest.zhib.net/category/list?timespan=f3071bd095620cd8f8d90358c5b111aa&raid=d945366cd72188b54b961f92e5615dc8&dba=a65a14ce64aecd2c40ec8f719023510e5554b11f3965fa072c789b628eaa00fca972727d2694a9eb35b72845e30a3987****38ms
[2018-04-11 11:05:44.864] [INFO] logs - request-get-url: http://apitest.zhib.net/category/list?timespan=dca3e8c2d8d919f7af20078176478e61&raid=339d607b69123dc2db85e7014a9746a6&dba=a65a14ce64aecd2c40ec8f719023510e5554b11f3965fa072c789b628eaa00fca972727d2694a9eb35b72845e30a3987****37ms
[2018-04-11 11:06:11.372] [INFO] logs - request-get-url: http://apitest.zhib.net/category/list?timespan=745e5d58cf92e0c7cc6e6a062fecee73&raid=23b0cb768fbba5a80bb609b35dcfb01b&dba=a65a14ce64aecd2c40ec8f719023510e5554b11f3965fa072c789b628eaa00fca972727d2694a9eb35b72845e30a3987****46ms
[2018-04-11 11:07:06.002] [INFO] logs - request-get-url: http://apitest.zhib.net/category/list?timespan=033b93016d90b4519d769e5fc7cce6b0&raid=dd469e786af4fbf86bcca6e8c5c0cda8&dba=a65a14ce64aecd2c40ec8f719023510e5554b11f3965fa072c789b628eaa00fca972727d2694a9eb35b72845e30a3987****40ms
[2018-04-11 11:09:11.450] [INFO] logs - request-get-url: http://apitest.zhib.net/category/list?timespan=28acd975881bb276b9acff7f15cc5781&raid=68c65e4f6d689c81b5a795ee827f495c&dba=a65a14ce64aecd2c40ec8f719023510e5554b11f3965fa072c789b628eaa00fca972727d2694a9eb35b72845e30a3987****83ms
[2018-04-11 11:09:50.313] [INFO] logs - request-get-url: http://apitest.zhib.net/category/list?timespan=f3c1dc98dc082951af6c052d72c631bf&raid=e3263ca27cd128711a3b571aa924f16b&dba=a65a14ce64aecd2c40ec8f719023510e5554b11f3965fa072c789b628eaa00fca972727d2694a9eb35b72845e30a3987****40ms
[2018-04-11 11:09:54.233] [INFO] logs - request-get-url: http://apitest.zhib.net/category/list?timespan=2bde22e5f0a8b5005996f8d761ed9ff3&raid=5eabf4a5046e320a8a220c7f1b7141a5&dba=a65a14ce64aecd2c40ec8f719023510e5554b11f3965fa072c789b628eaa00fca972727d2694a9eb35b72845e30a3987****25ms
[2018-04-11 11:09:56.268] [INFO] logs - request-get-url: http://apitest.zhib.net/category/list?timespan=01ff3e68973c8e507500bf9daa3e968e&raid=fbe98a0f07d5bfe04fe892171ff71d34&dba=a65a14ce64aecd2c40ec8f719023510e5554b11f3965fa072c789b628eaa00fca972727d2694a9eb35b72845e30a3987****35ms
[2018-04-11 11:10:25.757] [INFO] logs - request-get-url: http://apitest.zhib.net/category/list?timespan=724ed367a0321c0a2be35f8bd935ada4&raid=cf6dae4f90168e68ed3dc5b12c7948d8&dba=a65a14ce64aecd2c40ec8f719023510e5554b11f3965fa072c789b628eaa00fca972727d2694a9eb35b72845e30a3987****46ms
[2018-04-11 11:11:22.506] [INFO] logs - request-get-url: http://apitest.zhib.net/category/list?timespan=0aba53c5285504e97a45b883948e8d64&raid=6ae3c86ffd70c596d5a53815c7304962&dba=a65a14ce64aecd2c40ec8f719023510e5554b11f3965fa072c789b628eaa00fca972727d2694a9eb35b72845e30a3987****52ms
[2018-04-11 11:12:07.671] [INFO] logs - request-get-url: http://apitest.zhib.net/category/list?timespan=e27ca949a720db9beefd9a05266449ae&raid=98492026bac0b68f82d57e21114dcd04&dba=a65a14ce64aecd2c40ec8f719023510e5554b11f3965fa072c789b628eaa00fca972727d2694a9eb35b72845e30a3987****315ms
[2018-04-11 11:13:20.067] [INFO] logs - request-get-url: http://apitest.zhib.net/util/ru/rcd?timespan=d4d63d6abbf60cf5a2b09816663343fd&raid=8a2e695f297fda3156763463c61547a0&dba=bbc9c67ce3cc4aedc88aeacaf62dc876ac8bcaf2a9c672beecbc39a457ea2f5ba972727d2694a9eb35b72845e30a3987****101ms
[2018-04-11 11:13:20.124] [ERROR] logs - request-get-url-error: Error: Internal Server Error ,status: 500 ,url:http://apitest.zhib.net/util/ru/rcd****157ms
[2018-04-11 11:17:42.057] [INFO] logs - request-get-url: http://apitest.zhib.net/util/ru/rcd?timespan=1035cc383b6a950d6d5d0b00f220fbbe&raid=0f3ac267e932f79eeac77a2c59c5a4f7&dba=bbc9c67ce3cc4aedc88aeacaf62dc876ac8bcaf2a9c672beecbc39a457ea2f5ba972727d2694a9eb35b72845e30a3987****151ms
[2018-04-11 11:17:42.146] [ERROR] logs - request-get-url-error: Error: Internal Server Error ,status: 500 ,url:http://apitest.zhib.net/util/ru/rcd****243ms
[2018-04-11 11:19:42.105] [INFO] logs - request-get-url: http://apitest.zhib.net/util/ru/rcd?timespan=9d86070927b9a65d8a3b4c4fea519f86&raid=40f315b1a9ee21931bd5453b9ce55f5b&dba=bbc9c67ce3cc4aedc88aeacaf62dc876ac8bcaf2a9c672beecbc39a457ea2f5ba972727d2694a9eb35b72845e30a3987****96ms
[2018-04-11 11:19:42.110] [ERROR] logs - request-get-url-error: Error: Internal Server Error ,status: 500 ,url:http://apitest.zhib.net/util/ru/rcd****101ms
[2018-04-11 11:20:42.256] [INFO] logs - request-get-url: http://apitest.zhib.net/util/ru/rcd?timespan=444864ac098b3f13a3a94af6d8733b4d&raid=6006c5132fb9a6a78d58269304c0b9c7&dba=bbc9c67ce3cc4aedc88aeacaf62dc876ac8bcaf2a9c672beecbc39a457ea2f5ba972727d2694a9eb35b72845e30a3987****89ms
[2018-04-11 11:20:42.262] [ERROR] logs - request-get-url-error: Error: Internal Server Error ,status: 500 ,url:http://apitest.zhib.net/util/ru/rcd****96ms
[2018-04-11 11:22:23.147] [INFO] logs - request-get-url: http://apitest.zhib.net/util/ru/rcd?timespan=e8036f62e77493f426f15178d01e4b0d&raid=e633bfaf6878cb794cdc07d6322836be&dba=bbc9c67ce3cc4aedc88aeacaf62dc876ac8bcaf2a9c672beecbc39a457ea2f5ba972727d2694a9eb35b72845e30a3987****98ms
[2018-04-11 11:22:23.161] [ERROR] logs - request-get-url-error: Error: Internal Server Error ,status: 500 ,url:http://apitest.zhib.net/util/ru/rcd****112ms
[2018-04-11 11:22:26.442] [INFO] logs - request-get-url: http://apitest.zhib.net/util/ru/rcd?timespan=dcb5f4412b33efea093ee18ce77db2ed&raid=9707fe26f5eb09ffc166a6ef4e6a4f0f&dba=bbc9c67ce3cc4aedc88aeacaf62dc876ac8bcaf2a9c672beecbc39a457ea2f5ba972727d2694a9eb35b72845e30a3987****72ms
[2018-04-11 11:22:26.448] [ERROR] logs - request-get-url-error: Error: Internal Server Error ,status: 500 ,url:http://apitest.zhib.net/util/ru/rcd****78ms
[2018-04-11 11:22:36.434] [INFO] logs - request-get-url: http://apitest.zhib.net/util/ru/rcd?timespan=eb8691a809ed08e50dac1b2dbff60f8b&raid=a3959410fad4eab3e61b29a49fc80286&dba=bbc9c67ce3cc4aedc88aeacaf62dc876ac8bcaf2a9c672beecbc39a457ea2f5ba972727d2694a9eb35b72845e30a3987****67ms
[2018-04-11 11:22:36.447] [ERROR] logs - request-get-url-error: Error: Internal Server Error ,status: 500 ,url:http://apitest.zhib.net/util/ru/rcd****80ms
[2018-04-11 11:24:12.175] [INFO] logs - request-get-url: http://apitest.zhib.net/util/ru/rcd?timespan=a0fe988bda52b3d97b0606909754acb8&raid=8634a47c1d01134193d7e818b2976251&dba=bbc9c67ce3cc4aedc88aeacaf62dc876ac8bcaf2a9c672beecbc39a457ea2f5ba972727d2694a9eb35b72845e30a3987****1108ms
[2018-04-11 11:24:12.239] [ERROR] logs - request-get-url-error: Error: Internal Server Error ,status: 500 ,url:http://apitest.zhib.net/util/ru/rcd****1173ms
[2018-04-11 11:26:16.152] [INFO] logs - request-get-url: http://apitest.zhib.net/util/ru/rcd?timespan=c32f06133802b0bb58d7ca5082bbecd2&raid=1c39d1aa61a45f37d4eef676f083c725&dba=bbc9c67ce3cc4aedc88aeacaf62dc876ac8bcaf2a9c672beecbc39a457ea2f5ba972727d2694a9eb35b72845e30a3987****93ms
[2018-04-11 11:26:16.212] [ERROR] logs - request-get-url-error: Error: Internal Server Error ,status: 500 ,url:http://apitest.zhib.net/util/ru/rcd****153ms
[2018-04-11 11:28:16.277] [INFO] logs - request-get-url: http://apitest.zhib.net/util/ru/rcd?timespan=05884469f65e723025abcc2d19c7664a&raid=0daa6fe99638918ffcc741db74b4cbab&dba=bbc9c67ce3cc4aedc88aeacaf62dc876ac8bcaf2a9c672beecbc39a457ea2f5ba972727d2694a9eb35b72845e30a3987****52ms
[2018-04-11 11:29:41.453] [INFO] logs - request-get-url: http://apitest.zhib.net/util/ru/rcd?timespan=55e6369d77b1b6762e2dae49c4f7d567&raid=23367e3eed635968d34bc4e3e0b9f3b1&dba=bbc9c67ce3cc4aedc88aeacaf62dc876ac8bcaf2a9c672beecbc39a457ea2f5ba972727d2694a9eb35b72845e30a3987****126ms
[2018-04-11 11:31:19.125] [INFO] logs - request-get-url: http://apitest.zhib.net/util/ru/rcd?timespan=8805006897b4adbb12ef0564c945f517&raid=63aa1c3d2a719392ec43efd5859be21f&dba=bbc9c67ce3cc4aedc88aeacaf62dc876ac8bcaf2a9c672beecbc39a457ea2f5ba972727d2694a9eb35b72845e30a3987****42ms
[2018-04-11 11:33:29.221] [INFO] logs - request-get-url: http://apitest.zhib.net/util/ru/rcd?timespan=ae4ce1b603bbcb3e361344b40564e3d2&raid=77667b8acd2590dbdd504bd47a75aa6c&dba=bbc9c67ce3cc4aedc88aeacaf62dc876ac8bcaf2a9c672beecbc39a457ea2f5ba972727d2694a9eb35b72845e30a3987****52ms
[2018-04-11 11:34:40.159] [INFO] logs - request-get-url: http://apitest.zhib.net/util/ru/rcd?timespan=1cba43c139fa75aeec5b125e7177846e&raid=2a9f9ed401805fb5a87c4843132d71cd&dba=bbc9c67ce3cc4aedc88aeacaf62dc876ac8bcaf2a9c672beecbc39a457ea2f5ba972727d2694a9eb35b72845e30a3987****111ms
[2018-04-11 11:34:40.914] [INFO] logs - request-get-url: http://apitest.zhib.net/util/ru/rcd?timespan=2276b12d30292f1004ac52b0144821c6&raid=f2bdaf132b6a832a43ac810b5ed87535&dba=bbc9c67ce3cc4aedc88aeacaf62dc876ac8bcaf2a9c672beecbc39a457ea2f5ba972727d2694a9eb35b72845e30a3987****38ms
[2018-04-11 11:36:16.024] [INFO] logs - request-get-url: http://apitest.zhib.net/util/ru/rcd?timespan=c305ea473a1734acef547931f613605b&raid=9a7e8ffe28162f4224c8719f541aeb09&dba=bbc9c67ce3cc4aedc88aeacaf62dc876ac8bcaf2a9c672beecbc39a457ea2f5ba972727d2694a9eb35b72845e30a3987****42ms
[2018-04-11 11:36:20.062] [INFO] logs - request-get-url: http://apitest.zhib.net/util/ru/rcd?timespan=463d67aab965d09ff206b3125e3282d4&raid=9695691c6b40afca9ac350c8ec62fa59&dba=bbc9c67ce3cc4aedc88aeacaf62dc876ac8bcaf2a9c672beecbc39a457ea2f5ba972727d2694a9eb35b72845e30a3987****91ms
[2018-04-11 11:38:07.662] [INFO] logs - request-get-url: http://apitest.zhib.net/util/ru/rcd?timespan=9a9610f733907f3d3601249565da6f7c&raid=c7755e8a978cf23c98492cf2d444b528&dba=bbc9c67ce3cc4aedc88aeacaf62dc876ac8bcaf2a9c672beecbc39a457ea2f5ba972727d2694a9eb35b72845e30a3987****387ms
[2018-04-11 11:39:09.898] [INFO] logs - request-get-url: http://apitest.zhib.net/util/ru/rcd?timespan=1a352af88b4ccd465a765fb4a9b49389&raid=04a88876f02c7b9c1244515229c71648&dba=bbc9c67ce3cc4aedc88aeacaf62dc876ac8bcaf2a9c672beecbc39a457ea2f5ba972727d2694a9eb35b72845e30a3987****308ms
[2018-04-11 11:45:48.115] [INFO] logs - request-get-url: http://apitest.zhib.net/util/ru/rcd?timespan=2bb94a38da5cdbe674f2458ed7ab3e32&raid=c4a00fbed3da9c283e11a846112394bf&dba=bbc9c67ce3cc4aedc88aeacaf62dc876ac8bcaf2a9c672beecbc39a457ea2f5ba972727d2694a9eb35b72845e30a3987****133ms
[2018-04-11 11:47:10.724] [INFO] logs - request-get-url: http://apitest.zhib.net/util/ru/rcd?timespan=68c3d1fe55761ade8b9700ecca838eff&raid=669f7804a3531aabdab8e694bbe691ae&dba=bbc9c67ce3cc4aedc88aeacaf62dc876ac8bcaf2a9c672beecbc39a457ea2f5ba972727d2694a9eb35b72845e30a3987****61ms
[2018-04-11 11:50:35.926] [INFO] logs - request-get-url: http://apitest.zhib.net/util/ru/rcd?timespan=889aa2d75412b7257e417ce802acd826&raid=f068bb39f981bd22fcbf1929fe632710&dba=bbc9c67ce3cc4aedc88aeacaf62dc876ac8bcaf2a9c672beecbc39a457ea2f5ba972727d2694a9eb35b72845e30a3987****140ms
[2018-04-11 11:53:47.998] [INFO] logs - request-get-url: http://apitest.zhib.net/util/ru/rcd?timespan=d8134366e646d61d6209785af32d434d&raid=1edb610790f44ac54bfedc07eba3c31f&dba=bbc9c67ce3cc4aedc88aeacaf62dc876ac8bcaf2a9c672beecbc39a457ea2f5ba972727d2694a9eb35b72845e30a3987****66ms
[2018-04-11 11:55:30.899] [INFO] logs - request-get-url: http://apitest.zhib.net/util/ru/rcd?timespan=8d9da8e06cbeea2b236c43f5661d7061&raid=e7fdce9b742febdc22849c5106ddf15c&dba=bbc9c67ce3cc4aedc88aeacaf62dc876ac8bcaf2a9c672beecbc39a457ea2f5ba972727d2694a9eb35b72845e30a3987****44ms
[2018-04-11 11:55:41.609] [INFO] logs - request-get-url: http://apitest.zhib.net/util/ru/rcd?timespan=ea1e4c6f95ae57f20305043495061e74&raid=857f2d081ee637d639c2248c715a2be6&dba=bbc9c67ce3cc4aedc88aeacaf62dc876ac8bcaf2a9c672beecbc39a457ea2f5ba972727d2694a9eb35b72845e30a3987****57ms
[2018-04-11 11:57:22.456] [INFO] logs - request-get-url: http://apitest.zhib.net/util/ru/rcd?timespan=f17195cb678bef575e0ed9c51dffebbf&raid=b03b39128426cec381d90b7e81f46056&dba=bbc9c67ce3cc4aedc88aeacaf62dc876ac8bcaf2a9c672beecbc39a457ea2f5ba972727d2694a9eb35b72845e30a3987****101ms
[2018-04-11 12:01:39.810] [INFO] logs - request-get-url: http://apitest.zhib.net/util/ru/rcd?timespan=52e5b0e81734406410c1d2e1bceee63f&raid=4470b56d41878dd8cef95c560f75d407&dba=bbc9c67ce3cc4aedc88aeacaf62dc876ac8bcaf2a9c672beecbc39a457ea2f5ba972727d2694a9eb35b72845e30a3987****121ms
[2018-04-11 12:01:45.288] [INFO] logs - request-get-url: http://apitest.zhib.net/util/ru/rcd?timespan=424e7697e3f82b337c6d4c9ddcc9b81a&raid=045d7a581c8a70dfe5bacb7d9231447a&dba=bbc9c67ce3cc4aedc88aeacaf62dc876ac8bcaf2a9c672beecbc39a457ea2f5ba972727d2694a9eb35b72845e30a3987****1102ms
[2018-04-11 12:02:29.238] [INFO] logs - request-get-url: http://apitest.zhib.net/util/ru/rcd?timespan=ab400db3115cc3cda0e529fb4b37bb56&raid=8c266d870866bc1cf1417a9ac7a0a05e&dba=bbc9c67ce3cc4aedc88aeacaf62dc876ac8bcaf2a9c672beecbc39a457ea2f5ba972727d2694a9eb35b72845e30a3987****54ms
[2018-04-11 12:03:40.151] [INFO] logs - request-get-url: http://apitest.zhib.net/util/ru/rcd?timespan=e6a6d956f88621d4d69e47a2433aefe2&raid=67035016d4a7fd3175f6773666bd78a1&dba=bbc9c67ce3cc4aedc88aeacaf62dc876ac8bcaf2a9c672beecbc39a457ea2f5ba972727d2694a9eb35b72845e30a3987****51ms
[2018-04-11 13:45:01.929] [INFO] logs - request-get-url: http://apitest.zhib.net/util/ru/rcd?timespan=456ff1f8fcbf91a67cb743f1481e9235&raid=825ab975033c57d157f85bb59a86ea29&dba=bbc9c67ce3cc4aedc88aeacaf62dc876ac8bcaf2a9c672beecbc39a457ea2f5ba972727d2694a9eb35b72845e30a3987****66ms
[2018-04-11 14:08:28.441] [INFO] logs - request-get-url: http://apitest.zhib.net/util/ru/rcd?timespan=7e2594dea808edcb8e602afc70edf31d&raid=da65906cf3da7f83796dd7ef1aa428c0&dba=bbc9c67ce3cc4aedc88aeacaf62dc876ac8bcaf2a9c672beecbc39a457ea2f5ba972727d2694a9eb35b72845e30a3987****54ms
[2018-04-11 14:10:10.483] [INFO] logs - request-get-url: http://apitest.zhib.net/util/ru/rcd?timespan=0d7e650ddfb37aa93a1f038ad078ce2b&raid=8ea87e8ca0b0cc490a656a3dc69f7164&dba=bbc9c67ce3cc4aedc88aeacaf62dc876ac8bcaf2a9c672beecbc39a457ea2f5ba972727d2694a9eb35b72845e30a3987****44ms
[2018-04-11 14:10:57.341] [INFO] logs - request-get-url: http://apitest.zhib.net/util/ru/rcd?timespan=ee5e406e830fedcff7ce43062dba59ec&raid=6422bef41373b6028096e0e99e3e9d95&dba=bbc9c67ce3cc4aedc88aeacaf62dc876ac8bcaf2a9c672beecbc39a457ea2f5ba972727d2694a9eb35b72845e30a3987****732ms
[2018-04-11 14:11:10.796] [INFO] logs - request-get-url: http://apitest.zhib.net/util/ru/rcd?timespan=50db329a5da5918dafc8d60f35f9b040&raid=56f39fce658d59d8f55c67d355ec4848&dba=bbc9c67ce3cc4aedc88aeacaf62dc876ac8bcaf2a9c672beecbc39a457ea2f5ba972727d2694a9eb35b72845e30a3987****41ms
[2018-04-11 14:11:36.669] [INFO] logs - request-get-url: http://apitest.zhib.net/util/ru/rcd?timespan=a36d124b643bb5076145b4983d3cf148&raid=07396b91c77905ac043a42005ea2e3a5&dba=bbc9c67ce3cc4aedc88aeacaf62dc876ac8bcaf2a9c672beecbc39a457ea2f5ba972727d2694a9eb35b72845e30a3987****48ms
[2018-04-11 14:18:26.361] [INFO] logs - request-get-url: http://apitest.zhib.net/util/ru/rcd?timespan=d4ff1ff3df1291c5a75f3b38b34b61d3&raid=90a532b3bb20510f0fe866e6f050a81d&dba=bbc9c67ce3cc4aedc88aeacaf62dc876ac8bcaf2a9c672beecbc39a457ea2f5ba972727d2694a9eb35b72845e30a3987****138ms
[2018-04-11 14:18:34.823] [INFO] logs - request-get-url: http://apitest.zhib.net/util/ru/rcd?timespan=67be19337ba4025c3f9e9b9c12a236b6&raid=0e6691bc11e02b78c00c4fe2d361d8cc&dba=bbc9c67ce3cc4aedc88aeacaf62dc876ac8bcaf2a9c672beecbc39a457ea2f5ba972727d2694a9eb35b72845e30a3987****37ms
[2018-04-11 14:19:21.839] [INFO] logs - request-get-url: http://apitest.zhib.net/util/ru/rcd?timespan=e087bbce84b4727c3fe59d7896e557d7&raid=d244154cd8dd00ed1204194d359b47ab&dba=bbc9c67ce3cc4aedc88aeacaf62dc876ac8bcaf2a9c672beecbc39a457ea2f5ba972727d2694a9eb35b72845e30a3987****40ms
[2018-04-11 14:20:20.839] [INFO] logs - request-get-url: http://apitest.zhib.net/util/ru/rcd?timespan=b95e2da51e5bef7bf2aef012eabe2d10&raid=f5e556782e2aff22b5361377b13d30db&dba=bbc9c67ce3cc4aedc88aeacaf62dc876ac8bcaf2a9c672beecbc39a457ea2f5ba972727d2694a9eb35b72845e30a3987****37ms
[2018-04-11 14:21:27.775] [INFO] logs - request-get-url: http://apitest.zhib.net/util/ru/rcd?timespan=01c55b49713d36114b9ebaeaebc6647a&raid=20001c7b1618b3f38b9b41330d656524&dba=bbc9c67ce3cc4aedc88aeacaf62dc876ac8bcaf2a9c672beecbc39a457ea2f5ba972727d2694a9eb35b72845e30a3987****40ms
[2018-04-11 14:22:25.356] [INFO] logs - request-get-url: http://apitest.zhib.net/util/ru/rcd?timespan=9fd5ae7a4cd554a863af72c5c4e10635&raid=37ff7d4edafe2f5d5fb58cb1f651adbb&dba=bbc9c67ce3cc4aedc88aeacaf62dc876ac8bcaf2a9c672beecbc39a457ea2f5ba972727d2694a9eb35b72845e30a3987****43ms
[2018-04-11 14:22:25.901] [INFO] logs - request-get-url: http://apitest.zhib.net/util/ru/rcd?timespan=bbd02856992b09e1722159b33d242c24&raid=dd9dfd1e8fecd64cc834628b232e6123&dba=bbc9c67ce3cc4aedc88aeacaf62dc876ac8bcaf2a9c672beecbc39a457ea2f5ba972727d2694a9eb35b72845e30a3987****35ms
[2018-04-11 14:23:45.177] [INFO] logs - request-get-url: http://apitest.zhib.net/util/ru/rcd?timespan=d65ebd8a0354e1ca694e13122e1c5a76&raid=18de65f29922d9ff2747fe97f089cdc3&dba=bbc9c67ce3cc4aedc88aeacaf62dc876ac8bcaf2a9c672beecbc39a457ea2f5ba972727d2694a9eb35b72845e30a3987****31ms
[2018-04-11 14:23:54.981] [INFO] logs - request-get-url: http://apitest.zhib.net/util/ru/rcd?timespan=66ef9d14d0d3d71c642bb71bfd6f08e0&raid=a944a58019bd3abf122c1c0cdafaba89&dba=bbc9c67ce3cc4aedc88aeacaf62dc876ac8bcaf2a9c672beecbc39a457ea2f5ba972727d2694a9eb35b72845e30a3987****33ms
[2018-04-11 14:24:07.431] [INFO] logs - request-get-url: http://apitest.zhib.net/util/ru/rcd?timespan=fe049cb4fb1494394fad39147ee119f2&raid=af31b14fd16ebe391ae14c16a60b159c&dba=bbc9c67ce3cc4aedc88aeacaf62dc876ac8bcaf2a9c672beecbc39a457ea2f5ba972727d2694a9eb35b72845e30a3987****42ms
[2018-04-11 14:24:19.225] [INFO] logs - request-get-url: http://apitest.zhib.net/util/ru/rcd?timespan=07799b3f28ef03bca810f2508b6c4baf&raid=7a648307a251f916a848c3d234d1a80c&dba=bbc9c67ce3cc4aedc88aeacaf62dc876ac8bcaf2a9c672beecbc39a457ea2f5ba972727d2694a9eb35b72845e30a3987****33ms
[2018-04-11 14:24:42.351] [INFO] logs - request-get-url: http://apitest.zhib.net/util/ru/rcd?timespan=b1e7683a6d4c2b129568e0337248331c&raid=d3f9cde7fa101a2f54771e626384fa9a&dba=bbc9c67ce3cc4aedc88aeacaf62dc876ac8bcaf2a9c672beecbc39a457ea2f5ba972727d2694a9eb35b72845e30a3987****71ms
[2018-04-11 14:25:54.142] [INFO] logs - request-get-url: http://apitest.zhib.net/util/ru/rcd?timespan=af0144dbc047a1b406ce32007fdc2420&raid=b28d882063c287ba2fb6556683d045b5&dba=bbc9c67ce3cc4aedc88aeacaf62dc876ac8bcaf2a9c672beecbc39a457ea2f5ba972727d2694a9eb35b72845e30a3987****36ms
[2018-04-11 14:26:06.019] [INFO] logs - request-get-url: http://apitest.zhib.net/util/ru/rcd?timespan=fec42ff953fde7ac3c91830c4166d5a9&raid=61c9e5fbb35881c14e3c0a65faf81d2e&dba=bbc9c67ce3cc4aedc88aeacaf62dc876ac8bcaf2a9c672beecbc39a457ea2f5ba972727d2694a9eb35b72845e30a3987****37ms
[2018-04-11 14:26:40.187] [INFO] logs - request-get-url: http://apitest.zhib.net/util/ru/rcd?timespan=bbeb8fc98ee28a1a55b55e0f304a25a9&raid=f91dd224a919975ce0edc1d5e1285451&dba=bbc9c67ce3cc4aedc88aeacaf62dc876ac8bcaf2a9c672beecbc39a457ea2f5ba972727d2694a9eb35b72845e30a3987****55ms
[2018-04-11 14:27:12.341] [INFO] logs - request-get-url: http://apitest.zhib.net/util/ru/rcd?timespan=def0a2f1c46ffa3d1a47e2bb07c5066c&raid=2bd931af4b386515b3c8fd0ccbc97a69&dba=bbc9c67ce3cc4aedc88aeacaf62dc876ac8bcaf2a9c672beecbc39a457ea2f5ba972727d2694a9eb35b72845e30a3987****34ms
[2018-04-11 14:27:31.891] [INFO] logs - request-get-url: http://apitest.zhib.net/util/ru/rcd?timespan=c6ace4ddd1d605a9ab515373aa230468&raid=d0206a46b315ffe71262cb6be89b2bb1&dba=bbc9c67ce3cc4aedc88aeacaf62dc876ac8bcaf2a9c672beecbc39a457ea2f5ba972727d2694a9eb35b72845e30a3987****34ms
[2018-04-11 14:27:52.681] [INFO] logs - request-get-url: http://apitest.zhib.net/util/ru/rcd?timespan=bf908741255deacf68cc08654789fcb0&raid=9fd68a25b332637b4e4cb0825e922cbb&dba=bbc9c67ce3cc4aedc88aeacaf62dc876ac8bcaf2a9c672beecbc39a457ea2f5ba972727d2694a9eb35b72845e30a3987****44ms
[2018-04-11 14:28:50.194] [INFO] logs - request-get-url: http://apitest.zhib.net/util/ru/rcd?timespan=a5e87d8e7f956a5788146698e469ae12&raid=b6832784c69621cdc0dd1fbe1900f6ce&dba=bbc9c67ce3cc4aedc88aeacaf62dc876ac8bcaf2a9c672beecbc39a457ea2f5ba972727d2694a9eb35b72845e30a3987****42ms
[2018-04-11 14:30:48.377] [INFO] logs - request-get-url: http://apitest.zhib.net/util/ru/rcd?timespan=a253b5826b19d595ffb747f0fa036dc9&raid=327026e9c620c5141187bbd04b2ba879&dba=bbc9c67ce3cc4aedc88aeacaf62dc876ac8bcaf2a9c672beecbc39a457ea2f5ba972727d2694a9eb35b72845e30a3987****58ms
[2018-04-11 14:34:43.071] [INFO] logs - request-get-url: http://apitest.zhib.net/util/ru/rcd?timespan=85b982127c0aa7ef62b5634eb0ee7598&raid=c33e8ae61a992234f428e60aa3037fb3&dba=bbc9c67ce3cc4aedc88aeacaf62dc876ac8bcaf2a9c672beecbc39a457ea2f5ba972727d2694a9eb35b72845e30a3987****121ms
[2018-04-11 14:34:59.816] [INFO] logs - request-get-url: http://apitest.zhib.net/util/ru/rcd?timespan=b6536866347bcb948c15be3482c2254a&raid=d267d9e7b3c383d79363440c6922d0ae&dba=bbc9c67ce3cc4aedc88aeacaf62dc876ac8bcaf2a9c672beecbc39a457ea2f5ba972727d2694a9eb35b72845e30a3987****45ms
[2018-04-11 14:35:16.673] [INFO] logs - request-get-url: http://apitest.zhib.net/util/ru/rcd?timespan=866851c21881dab42c703d21ab285a3c&raid=2af5e8fe552a7f87700a56a07677c046&dba=bbc9c67ce3cc4aedc88aeacaf62dc876ac8bcaf2a9c672beecbc39a457ea2f5ba972727d2694a9eb35b72845e30a3987****40ms
[2018-04-11 14:35:39.276] [INFO] logs - request-get-url: http://apitest.zhib.net/util/ru/rcd?timespan=0c655ef52822ca1ec8261f69625ddbf1&raid=96d20c861c53b081cb5556da9661cae4&dba=bbc9c67ce3cc4aedc88aeacaf62dc876ac8bcaf2a9c672beecbc39a457ea2f5ba972727d2694a9eb35b72845e30a3987****34ms
[2018-04-11 14:36:08.185] [INFO] logs - request-get-url: http://apitest.zhib.net/util/ru/rcd?timespan=2681200560930bc576ba2f47238fd430&raid=bf7056ca4834322fce30ff797219d1b1&dba=bbc9c67ce3cc4aedc88aeacaf62dc876ac8bcaf2a9c672beecbc39a457ea2f5ba972727d2694a9eb35b72845e30a3987****81ms
[2018-04-11 14:37:53.891] [INFO] logs - request-get-url: http://apitest.zhib.net/util/ru/rcd?timespan=fae82a305ecf3529e7e97fb6238d22f9&raid=58fd0ca60584adfcbb0893a0b5b216d0&dba=bbc9c67ce3cc4aedc88aeacaf62dc876ac8bcaf2a9c672beecbc39a457ea2f5ba972727d2694a9eb35b72845e30a3987****68ms
[2018-04-11 14:38:10.921] [INFO] logs - request-get-url: http://apitest.zhib.net/util/ru/rcd?timespan=0bf7aec5ea54311367a7608a42db6d1c&raid=301a97f7595a21dcc4faee7d6420b0b4&dba=bbc9c67ce3cc4aedc88aeacaf62dc876ac8bcaf2a9c672beecbc39a457ea2f5ba972727d2694a9eb35b72845e30a3987****37ms
[2018-04-11 14:38:48.632] [INFO] logs - request-get-url: http://apitest.zhib.net/util/ru/rcd?timespan=9986559ed11a1b8751e6d3251fabe436&raid=11fdaf548cf666e28fa97e38256409f9&dba=bbc9c67ce3cc4aedc88aeacaf62dc876ac8bcaf2a9c672beecbc39a457ea2f5ba972727d2694a9eb35b72845e30a3987****30ms
[2018-04-11 14:40:12.853] [INFO] logs - request-get-url: http://apitest.zhib.net/util/ru/rcd?timespan=5e56365e66fa4a29a99bcd5d2430a736&raid=6f3246b402d5e644bab5f0eac0a56117&dba=bbc9c67ce3cc4aedc88aeacaf62dc876ac8bcaf2a9c672beecbc39a457ea2f5ba972727d2694a9eb35b72845e30a3987****29ms
[2018-04-11 14:40:34.232] [INFO] logs - request-get-url: http://apitest.zhib.net/util/ru/rcd?timespan=857b4ccf6fadc3de9f3de139f20d2a1a&raid=a536b827b6a72149219cbb4a7151b211&dba=bbc9c67ce3cc4aedc88aeacaf62dc876ac8bcaf2a9c672beecbc39a457ea2f5ba972727d2694a9eb35b72845e30a3987****27ms
[2018-04-11 14:41:32.600] [INFO] logs - request-get-url: http://apitest.zhib.net/util/ru/rcd?timespan=9bf786444da9cb6ccdfc6eec0bd3598b&raid=7a2a045afdaaed991a52a62a29627a56&dba=bbc9c67ce3cc4aedc88aeacaf62dc876ac8bcaf2a9c672beecbc39a457ea2f5ba972727d2694a9eb35b72845e30a3987****34ms
[2018-04-11 14:41:42.418] [INFO] logs - request-get-url: http://apitest.zhib.net/util/ru/rcd?timespan=5802c77b07d6cb828e73390ef67ab931&raid=9606ec95082d7e7b18ee9836fc11fbff&dba=bbc9c67ce3cc4aedc88aeacaf62dc876ac8bcaf2a9c672beecbc39a457ea2f5ba972727d2694a9eb35b72845e30a3987****301ms
[2018-04-11 14:42:18.325] [INFO] logs - request-get-url: http://apitest.zhib.net/util/ru/rcd?timespan=31154a4c1e163944f64f6c32d40893bf&raid=6bf78cd0ce14c4b841855ef1f3cd8c72&dba=bbc9c67ce3cc4aedc88aeacaf62dc876ac8bcaf2a9c672beecbc39a457ea2f5ba972727d2694a9eb35b72845e30a3987****33ms
[2018-04-11 14:42:30.480] [INFO] logs - request-get-url: http://apitest.zhib.net/util/ru/rcd?timespan=eaa5213304790bb030b996898c33d2ae&raid=8080c3366aafc47c568775a706686c11&dba=bbc9c67ce3cc4aedc88aeacaf62dc876ac8bcaf2a9c672beecbc39a457ea2f5ba972727d2694a9eb35b72845e30a3987****126ms
[2018-04-11 14:42:43.352] [INFO] logs - request-get-url: http://apitest.zhib.net/util/ru/rcd?timespan=98880805c0d7be8246d80b0c3f3e9c03&raid=af1fc39180ee3b9a2de911d79a43f357&dba=bbc9c67ce3cc4aedc88aeacaf62dc876ac8bcaf2a9c672beecbc39a457ea2f5ba972727d2694a9eb35b72845e30a3987****31ms
[2018-04-11 14:42:50.214] [INFO] logs - request-get-url: http://apitest.zhib.net/util/ru/rcd?timespan=2668a61697e544c08a51eebb93522d81&raid=957ae26701cfb18a82d39f137274dd51&dba=bbc9c67ce3cc4aedc88aeacaf62dc876ac8bcaf2a9c672beecbc39a457ea2f5ba972727d2694a9eb35b72845e30a3987****29ms
[2018-04-11 14:44:28.528] [INFO] logs - request-get-url: http://apitest.zhib.net/util/ru/rcd?timespan=e8056385597606a8befd40685a9947d9&raid=ce16f4dde7c8e2b916aea7c37b048562&dba=bbc9c67ce3cc4aedc88aeacaf62dc876ac8bcaf2a9c672beecbc39a457ea2f5ba972727d2694a9eb35b72845e30a3987****30ms
[2018-04-11 14:44:49.638] [INFO] logs - request-get-url: http://apitest.zhib.net/util/ru/rcd?timespan=0dac405732641e0239e64fe04d3af317&raid=4d63080a4a796b34121a2b5a6d93f8f7&dba=bbc9c67ce3cc4aedc88aeacaf62dc876ac8bcaf2a9c672beecbc39a457ea2f5ba972727d2694a9eb35b72845e30a3987****43ms
[2018-04-11 14:44:55.055] [INFO] logs - request-get-url: http://apitest.zhib.net/util/ru/rcd?timespan=e850bb8bde96a9ebe692ba6c826730a8&raid=e696500d4c0a22e8e895b4178b3faa1f&dba=bbc9c67ce3cc4aedc88aeacaf62dc876ac8bcaf2a9c672beecbc39a457ea2f5ba972727d2694a9eb35b72845e30a3987****28ms
[2018-04-11 14:45:54.928] [INFO] logs - request-get-url: http://apitest.zhib.net/util/ru/rcd?timespan=43ade00040f1dc10c838474d7e8ce1e1&raid=a51dff0d2d4c3ffdc3a79a85d314e547&dba=bbc9c67ce3cc4aedc88aeacaf62dc876ac8bcaf2a9c672beecbc39a457ea2f5ba972727d2694a9eb35b72845e30a3987****102ms
[2018-04-11 14:45:55.645] [INFO] logs - request-get-url: http://apitest.zhib.net/util/ru/rcd?timespan=ec468169a03d9943c92a0f72077e442f&raid=f80c0fdb5a92b445cc093115c5dd1f97&dba=bbc9c67ce3cc4aedc88aeacaf62dc876ac8bcaf2a9c672beecbc39a457ea2f5ba972727d2694a9eb35b72845e30a3987****59ms
[2018-04-11 14:46:46.396] [INFO] logs - request-get-url: http://apitest.zhib.net/util/ru/rcd?timespan=a60c67c01b65694172d68462e02e1354&raid=d69f7f7d6d4a1cc35ec328ba218ce78f&dba=bbc9c67ce3cc4aedc88aeacaf62dc876ac8bcaf2a9c672beecbc39a457ea2f5ba972727d2694a9eb35b72845e30a3987****255ms
[2018-04-11 14:46:50.273] [INFO] logs - request-get-url: http://apitest.zhib.net/util/ru/rcd?timespan=989c62d4d73ae9411ffd04f0bea305b4&raid=f9ff1aab061c6b36261c34fb83cfa4ed&dba=bbc9c67ce3cc4aedc88aeacaf62dc876ac8bcaf2a9c672beecbc39a457ea2f5ba972727d2694a9eb35b72845e30a3987****37ms
[2018-04-11 14:47:11.640] [INFO] logs - request-get-url: http://apitest.zhib.net/util/ru/rcd?timespan=25a40eb1bef20fbba301698662666a25&raid=ece6db24cf91b340b0cd0455b01422fc&dba=bbc9c67ce3cc4aedc88aeacaf62dc876ac8bcaf2a9c672beecbc39a457ea2f5ba972727d2694a9eb35b72845e30a3987****33ms
[2018-04-11 15:03:43.752] [INFO] logs - request-get-url: http://apitest.zhib.net/util/ru/rcd?timespan=b4daa6363d838da27aed987d2549fcd7&raid=1644a618ef9298a4769994bd8c7f6460&dba=bbc9c67ce3cc4aedc88aeacaf62dc876ac8bcaf2a9c672beecbc39a457ea2f5ba972727d2694a9eb35b72845e30a3987****30ms
[2018-04-11 15:05:06.334] [INFO] logs - request-get-url: http://apitest.zhib.net/util/ru/rcd?timespan=480b733346d5ce4ab42387600639546e&raid=629e834ecf28ceaacf9c27013320a37c&dba=bbc9c67ce3cc4aedc88aeacaf62dc876ac8bcaf2a9c672beecbc39a457ea2f5ba972727d2694a9eb35b72845e30a3987****35ms
[2018-04-11 15:24:55.456] [INFO] logs - request-get-url: http://apitest.zhib.net/util/ru/rcd?timespan=e700705c70bda2e4c5666289a7d8c869&raid=bd2e1804cb2cc12e136eab1f9ef2c22e&dba=bbc9c67ce3cc4aedc88aeacaf62dc876ac8bcaf2a9c672beecbc39a457ea2f5ba972727d2694a9eb35b72845e30a3987****31ms
[2018-04-11 15:25:21.785] [INFO] logs - request-get-url: http://apitest.zhib.net/util/ru/rcd?timespan=d65cda347eb9f7462dabf72a5e00873c&raid=6e5c98c493b2b81d5433eb7a84e330d8&dba=bbc9c67ce3cc4aedc88aeacaf62dc876ac8bcaf2a9c672beecbc39a457ea2f5ba972727d2694a9eb35b72845e30a3987****32ms
[2018-04-11 15:25:23.572] [INFO] logs - request-get-url: http://apitest.zhib.net/util/ru/rcd?timespan=311b7492730e6a32c425a6d838e70d88&raid=fede14fa4196cad04ddc37fc15d59ba1&dba=bbc9c67ce3cc4aedc88aeacaf62dc876ac8bcaf2a9c672beecbc39a457ea2f5ba972727d2694a9eb35b72845e30a3987****51ms
[2018-04-11 15:25:36.041] [INFO] logs - request-get-url: http://apitest.zhib.net/util/ru/rcd?timespan=1f24327e000c7f3f325ec3e78cf393ee&raid=6dd374f06a7189a7ca93c4fd4556f89e&dba=bbc9c67ce3cc4aedc88aeacaf62dc876ac8bcaf2a9c672beecbc39a457ea2f5ba972727d2694a9eb35b72845e30a3987****33ms
[2018-04-11 15:25:44.672] [INFO] logs - request-get-url: http://apitest.zhib.net/util/ru/rcd?timespan=6bece211535736655f31ae4a33e9fb7d&raid=8e53f6218729333fae665160f9e38558&dba=bbc9c67ce3cc4aedc88aeacaf62dc876ac8bcaf2a9c672beecbc39a457ea2f5ba972727d2694a9eb35b72845e30a3987****31ms
[2018-04-11 15:25:58.305] [INFO] logs - request-get-url: http://apitest.zhib.net/util/ru/rcd?timespan=588e6758790d46a688921883aeb7e3c5&raid=11c2a3274d7080dbc2d229d9174f49dc&dba=bbc9c67ce3cc4aedc88aeacaf62dc876ac8bcaf2a9c672beecbc39a457ea2f5ba972727d2694a9eb35b72845e30a3987****32ms
[2018-04-11 15:26:49.531] [INFO] logs - request-get-url: http://apitest.zhib.net/util/ru/rcd?timespan=d05f35f6289f49213a42a6edc79e0670&raid=788ab71de49b4c7d9c3e52fa926d613d&dba=bbc9c67ce3cc4aedc88aeacaf62dc876ac8bcaf2a9c672beecbc39a457ea2f5ba972727d2694a9eb35b72845e30a3987****33ms
[2018-04-11 15:27:01.324] [INFO] logs - request-get-url: http://apitest.zhib.net/category/list?timespan=a093c99e514a830e427adf490b5624d0&raid=7d86747356703d6499756f5d75c5512a&dba=a65a14ce64aecd2c40ec8f719023510e5554b11f3965fa072c789b628eaa00fca972727d2694a9eb35b72845e30a3987****32ms
[2018-04-11 15:27:08.751] [INFO] logs - request-get-url: http://apitest.zhib.net/util/ru/rcd?timespan=86ad2a2b7f8857d478867bddfa96268f&raid=d1c73c0a6277c2a95b2baf9e00d6c07b&dba=bbc9c67ce3cc4aedc88aeacaf62dc876ac8bcaf2a9c672beecbc39a457ea2f5ba972727d2694a9eb35b72845e30a3987****99ms
[2018-04-11 15:27:53.117] [INFO] logs - request-get-url: http://apitest.zhib.net/util/ru/rcd?timespan=2958ed2176b9c6d9d7529d592d0aaaa3&raid=fc0323bb4a632ddb34b3eb3f479f1ff0&dba=bbc9c67ce3cc4aedc88aeacaf62dc876ac8bcaf2a9c672beecbc39a457ea2f5ba972727d2694a9eb35b72845e30a3987****381ms
[2018-04-11 15:28:39.414] [INFO] logs - request-get-url: http://apitest.zhib.net/util/ru/rcd?timespan=074cefb0f4da85d334f6edb47f97617d&raid=61f91bb4be1e7efc094c8cac107e2cea&dba=bbc9c67ce3cc4aedc88aeacaf62dc876ac8bcaf2a9c672beecbc39a457ea2f5ba972727d2694a9eb35b72845e30a3987****33ms
[2018-04-11 15:28:42.785] [INFO] logs - request-get-url: http://apitest.zhib.net/util/ru/rcd?timespan=3cf7e6424bb8ca000e7e0f125ca25016&raid=5a7773944367fc71ff8cd7e8b442a7c8&dba=bbc9c67ce3cc4aedc88aeacaf62dc876ac8bcaf2a9c672beecbc39a457ea2f5ba972727d2694a9eb35b72845e30a3987****39ms
[2018-04-11 15:31:53.931] [INFO] logs - request-get-url: http://apitest.zhib.net/util/ru/rcd?timespan=fb21b599c0c240c3af9ce4e64ab91598&raid=002a32dfbec24dff66360b25973f8eeb&dba=bbc9c67ce3cc4aedc88aeacaf62dc876ac8bcaf2a9c672beecbc39a457ea2f5ba972727d2694a9eb35b72845e30a3987****82ms
[2018-04-11 15:31:56.727] [INFO] logs - request-get-url: http://apitest.zhib.net/util/ru/rcd?timespan=80b7389ead481f7412c8f140698e9cfd&raid=b97a780cab9fcc65e0cd22885fad7a7e&dba=bbc9c67ce3cc4aedc88aeacaf62dc876ac8bcaf2a9c672beecbc39a457ea2f5ba972727d2694a9eb35b72845e30a3987****29ms
[2018-04-11 15:33:25.275] [INFO] logs - request-get-url: http://apitest.zhib.net/util/ru/rcd?timespan=1b116356374eb78d3347f5d0220e2e2f&raid=7fce95a702f810f469268e070c856995&dba=bbc9c67ce3cc4aedc88aeacaf62dc876ac8bcaf2a9c672beecbc39a457ea2f5ba972727d2694a9eb35b72845e30a3987****31ms
[2018-04-11 15:36:33.589] [INFO] logs - request-get-url: http://apitest.zhib.net/util/ru/rcd?timespan=d0579b4b63df3ec0c4f3b5e5a0172570&raid=fd24cfd7ae8f51a9844ea8768f5286bb&dba=bbc9c67ce3cc4aedc88aeacaf62dc876ac8bcaf2a9c672beecbc39a457ea2f5ba972727d2694a9eb35b72845e30a3987****39ms
[2018-04-11 15:40:51.589] [INFO] logs - request-get-url: http://apitest.zhib.net/util/ru/rcd?timespan=937373f2b86937f8ac719a3fedee81c9&raid=1af24beb3af6aa98c06c187fd3d9995d&dba=bbc9c67ce3cc4aedc88aeacaf62dc876ac8bcaf2a9c672beecbc39a457ea2f5ba972727d2694a9eb35b72845e30a3987****43ms
[2018-04-11 15:41:56.530] [INFO] logs - request-get-url: http://apitest.zhib.net/util/ru/rcd?timespan=39b132e67d805c6223a63fc18f56177c&raid=0277fb31cfdb1be603f21ec81e4b41c9&dba=bbc9c67ce3cc4aedc88aeacaf62dc876ac8bcaf2a9c672beecbc39a457ea2f5ba972727d2694a9eb35b72845e30a3987****32ms
[2018-04-11 15:42:19.727] [INFO] logs - request-get-url: http://apitest.zhib.net/util/ru/rcd?timespan=bfa01b1c9ecd1698d3846ab4c429276b&raid=fa68bf7cdf86afa863fedcb93928472d&dba=bbc9c67ce3cc4aedc88aeacaf62dc876ac8bcaf2a9c672beecbc39a457ea2f5ba972727d2694a9eb35b72845e30a3987****28ms
[2018-04-11 15:43:35.834] [INFO] logs - request-get-url: http://apitest.zhib.net/util/ru/rcd?timespan=3b9e7543bfb57ec90656ba0dac711ae3&raid=bf7ad11e2e7342d6e8a1124b66ffc106&dba=bbc9c67ce3cc4aedc88aeacaf62dc876ac8bcaf2a9c672beecbc39a457ea2f5ba972727d2694a9eb35b72845e30a3987****34ms
[2018-04-11 15:43:41.271] [INFO] logs - request-get-url: http://apitest.zhib.net/util/ru/rcd?timespan=215b4039e98d7fd4fd747e059c8c575a&raid=a20cb3a89f704e18723e5cb1308738b9&dba=bbc9c67ce3cc4aedc88aeacaf62dc876ac8bcaf2a9c672beecbc39a457ea2f5ba972727d2694a9eb35b72845e30a3987****34ms
[2018-04-11 15:45:30.907] [INFO] logs - request-get-url: http://apitest.zhib.net/util/ru/rcd?timespan=0cbac401d19d25613362b1fbe051d431&raid=58297492330f1221b53bf7df21aa8c6b&dba=bbc9c67ce3cc4aedc88aeacaf62dc876ac8bcaf2a9c672beecbc39a457ea2f5ba972727d2694a9eb35b72845e30a3987****34ms
[2018-04-11 15:45:40.648] [INFO] logs - request-get-url: http://apitest.zhib.net/category/list?timespan=7d3fe4680e2e625ce79f80548190b7c3&raid=7c3b738eb8f20c88f5bd969735d8d8af&dba=a65a14ce64aecd2c40ec8f719023510e5554b11f3965fa072c789b628eaa00fca972727d2694a9eb35b72845e30a3987****29ms
[2018-04-11 15:45:45.063] [INFO] logs - request-get-url: http://apitest.zhib.net/util/ru/rcd?timespan=39c29b1adf627db1721feca94414f65f&raid=254c38ca1c74ec917ef6d8c4d4d3df1b&dba=bbc9c67ce3cc4aedc88aeacaf62dc876ac8bcaf2a9c672beecbc39a457ea2f5ba972727d2694a9eb35b72845e30a3987****32ms
[2018-04-11 17:31:41.008] [DEBUG] logs - redis cache get * zhib|api|url_/login?tsp=1523439100895|timespan|timespan_1523439100895 *2ms 
[2018-04-11 17:31:41.097] [DEBUG] logs - redis cache set * zhib|api|url_/login?tsp=1523439100895|timespan|timespan_1523439100895 *86ms 
[2018-04-11 17:58:33.849] [DEBUG] logs - redis cache get * zhib|api|url_/login?tsp=1523440713738|timespan|timespan_1523440713738 *1ms 
[2018-04-11 17:58:33.853] [DEBUG] logs - redis cache set * zhib|api|url_/login?tsp=1523440713738|timespan|timespan_1523440713738 *2ms 
[2018-04-11 18:01:49.306] [DEBUG] logs - redis cache get * zhib|api|url_/login?tsp=1523440909290|timespan|timespan_1523440909290 *2ms 
[2018-04-11 18:01:49.312] [DEBUG] logs - redis cache set * zhib|api|url_/login?tsp=1523440909290|timespan|timespan_1523440909290 *2ms 
[2018-04-11 18:28:55.739] [INFO] logs - request-get-url: http://apitest.zhib.net/util/valid/phone?timespan=e7a3fa437eb27a4c672e14c616da04b1&raid=3681e47a206df2538ea74e576bcb5caa&dba=b1d4c0b625026ece5dbcc52632aeb9018f8c58606b18b352f97a7bd7ecbb93c1****156ms
[2018-04-11 18:30:56.970] [INFO] logs - request-get-url: http://apitest.zhib.net/util/valid/phone?timespan=f833b5523696706eb8f1bf8992010311&raid=0e98109a32f80a47c63ae01ab29abdd6&dba=b1d4c0b625026ece5dbcc52632aeb9018f8c58606b18b352f97a7bd7ecbb93c1****81ms
[2018-04-11 18:32:58.126] [INFO] logs - request-get-url: http://apitest.zhib.net/util/valid/phone?timespan=22017f820000e121c3f323b9c44078ef&raid=59bd903b306d33dbb21f9a368e26f746&dba=b1d4c0b625026ece5dbcc52632aeb9018f8c58606b18b352f97a7bd7ecbb93c1****33ms
[2018-04-11 18:36:16.104] [INFO] logs - request-get-url: http://apitest.zhib.net/util/valid/phone?timespan=8902588e1146c1e23e134c27789d4761&raid=d12b5834907b2a8f546d4e7ce2e80c25&dba=b1d4c0b625026ece5dbcc52632aeb9018f8c58606b18b352f97a7bd7ecbb93c1****64ms
[2018-04-11 19:38:29.558] [INFO] logs - request-get-url: http://apitest.zhib.net/util/valid/phone?timespan=645e56415289c2869d2a05f07e288b99&raid=59f543d05668508856fcbbf60e00b91e&dba=b1d4c0b625026ece5dbcc52632aeb9018f8c58606b18b352f97a7bd7ecbb93c1****70ms
[2018-04-11 19:38:29.593] [DEBUG] logs - redis cache set * zhib|api|JGJiOhAT_store_phone *29ms 
[2018-04-11 19:38:29.593] [DEBUG] logs - redis cache set * zhib|api|JGJiOhAT_phoneData *29ms 
[2018-04-11 19:41:35.455] [INFO] logs - request-get-url: http://apitest.zhib.net/util/valid/phone?timespan=827272d01648a025450cd6fd909efb7d&raid=83b6e987306761ecac166903e3bd3815&dba=db834d023c8095856a059122515ef2cac73b985371148c1abc89b4dc550dd53c****60ms
[2018-04-11 19:41:35.466] [DEBUG] logs - redis cache set * zhib|api|JGJiOhAT_store_phone *10ms 
[2018-04-11 19:41:35.466] [DEBUG] logs - redis cache set * zhib|api|JGJiOhAT_phoneData *10ms 
[2018-04-11 19:46:03.093] [INFO] logs - request-get-url: http://apitest.zhib.net/util/valid/phone?timespan=2859db0c1b86e564f987020047679ce3&raid=fb1124ad81912e8bac113aed2d691393&dba=b1d4c0b625026ece5dbcc52632aeb9018f8c58606b18b352f97a7bd7ecbb93c1****43ms
[2018-04-11 19:46:03.101] [DEBUG] logs - redis cache set * zhib|api|JGJiOhAT_store_phone *4ms 
[2018-04-11 19:46:03.102] [DEBUG] logs - redis cache set * zhib|api|JGJiOhAT_phoneData *4ms 
[2018-04-11 19:47:37.428] [INFO] logs - request-get-url: http://apitest.zhib.net/util/valid/phone?timespan=d3f0005b57474a36b91765d9dfa50451&raid=314a20d942eee0656dbf54fa86852924&dba=b1d4c0b625026ece5dbcc52632aeb9018f8c58606b18b352f97a7bd7ecbb93c1****42ms
[2018-04-11 19:47:37.438] [DEBUG] logs - redis cache set * zhib|api|JGJiOhAT_store_phone *4ms 
[2018-04-11 19:47:37.439] [DEBUG] logs - redis cache set * zhib|api|JGJiOhAT_phoneData *4ms 
[2018-04-11 19:49:29.825] [INFO] logs - request-get-url: http://apitest.zhib.net/util/valid/phone?timespan=5b1a26d4ddaab3b099dd86dc16190091&raid=b8003f73d8b64e029af97b27ef3cb5fc&dba=b1d4c0b625026ece5dbcc52632aeb9018f8c58606b18b352f97a7bd7ecbb93c1****42ms
[2018-04-11 19:49:29.834] [DEBUG] logs - redis cache set * zhib|api|JGJiOhAT_store_phone *4ms 
[2018-04-11 19:49:29.834] [DEBUG] logs - redis cache set * zhib|api|JGJiOhAT_phoneData *5ms 
[2018-04-11 19:54:55.010] [INFO] logs - request-get-url: http://apitest.zhib.net/util/valid/phone?timespan=596325d2a749e52590d7aad123d051ed&raid=821e30183ff259e3af31c238dcca6bcd&dba=b1d4c0b625026ece5dbcc52632aeb9018f8c58606b18b352f97a7bd7ecbb93c1****48ms
[2018-04-11 19:54:55.021] [DEBUG] logs - redis cache set * zhib|api|JGJiOhAT_store_phone *8ms 
[2018-04-11 19:54:55.022] [DEBUG] logs - redis cache set * zhib|api|JGJiOhAT_phoneData *7ms 
[2018-04-11 20:06:45.056] [INFO] logs - request-get-url: http://apitest.zhib.net/util/valid/phone?timespan=216fa0d7ab61f1bb3247ebe9c1d8c78b&raid=e01997d7bca4a584bfa74cc1f7f69367&dba=b1d4c0b625026ece5dbcc52632aeb9018f8c58606b18b352f97a7bd7ecbb93c1****93ms
[2018-04-11 20:06:45.062] [DEBUG] logs - redis cache set * zhib|api|JGJiOhAT_store_phone *4ms 
[2018-04-11 20:06:45.063] [DEBUG] logs - redis cache set * zhib|api|JGJiOhAT_phoneData *4ms 
[2018-04-11 20:11:13.175] [INFO] logs - request-get-url: http://apitest.zhib.net/util/valid/phone?timespan=1bc9b575c5e8fe54d53649c2ce45a457&raid=e4d3e244fe0ea29dbeba3cebfb7294b3&dba=b1d4c0b625026ece5dbcc52632aeb9018f8c58606b18b352f97a7bd7ecbb93c1****82ms
[2018-04-11 20:11:13.183] [DEBUG] logs - redis cache set * zhib|api|JGJiOhAT_store_phone *5ms 
[2018-04-11 20:11:13.184] [DEBUG] logs - redis cache set * zhib|api|JGJiOhAT_phoneData *6ms 
[2018-04-11 20:11:13.833] [DEBUG] logs - redis cache get * zhib|api|JGJiOhAT_store_phone *3ms 
[2018-04-11 20:11:13.834] [DEBUG] logs - redis cache get * zhib|api|JGJiOhAT_phoneData *1ms 
[2018-04-11 20:16:03.760] [DEBUG] logs - redis cache get * zhib|api|JGJiOhAT_store_phone *2ms 
[2018-04-11 20:16:03.768] [DEBUG] logs - redis cache get * zhib|api|JGJiOhAT_phoneData *3ms 
[2018-04-11 20:16:22.582] [DEBUG] logs - redis cache get * zhib|api|JGJiOhAT_store_phone *0ms 
[2018-04-11 20:16:22.590] [DEBUG] logs - redis cache get * zhib|api|JGJiOhAT_phoneData *7ms 
[2018-04-11 20:17:32.153] [DEBUG] logs - redis cache get * zhib|api|JGJiOhAT_store_phone *314ms 
[2018-04-11 20:17:32.154] [DEBUG] logs - redis cache get * zhib|api|JGJiOhAT_phoneData *0ms 
[2018-04-11 20:17:33.982] [DEBUG] logs - redis cache get * zhib|api|JGJiOhAT_store_phone *5ms 
[2018-04-11 20:17:33.985] [DEBUG] logs - redis cache get * zhib|api|JGJiOhAT_phoneData *2ms 
[2018-04-11 20:18:17.420] [DEBUG] logs - redis cache get * zhib|api|JGJiOhAT_store_phone *1ms 
[2018-04-11 20:18:17.422] [DEBUG] logs - redis cache get * zhib|api|JGJiOhAT_phoneData *2ms 
[2018-04-11 20:18:22.692] [DEBUG] logs - redis cache get * zhib|api|JGJiOhAT_store_phone *0ms 
[2018-04-11 20:18:22.693] [DEBUG] logs - redis cache get * zhib|api|JGJiOhAT_phoneData *0ms 
[2018-04-11 20:18:45.354] [DEBUG] logs - redis cache get * zhib|api|JGJiOhAT_store_phone *0ms 
[2018-04-11 20:18:45.355] [DEBUG] logs - redis cache get * zhib|api|JGJiOhAT_phoneData *0ms 
[2018-04-11 20:19:08.715] [INFO] logs - request-get-url: http://apitest.zhib.net/util/valid/phone?timespan=4b893d6ecd9e99f8a7b8f47816fb31ba&raid=4ff446ee0feb441e27f1f0fa47a1a876&dba=b1d4c0b625026ece5dbcc52632aeb9018f8c58606b18b352f97a7bd7ecbb93c1****31ms
[2018-04-11 20:19:08.745] [DEBUG] logs - redis cache set * zhib|api|JGJiOhAT_store_phone *29ms 
[2018-04-11 20:19:08.746] [DEBUG] logs - redis cache set * zhib|api|JGJiOhAT_phoneData *30ms 
[2018-04-11 20:19:09.384] [DEBUG] logs - redis cache get * zhib|api|JGJiOhAT_store_phone *1ms 
[2018-04-11 20:19:09.384] [DEBUG] logs - redis cache get * zhib|api|JGJiOhAT_phoneData *0ms 
[2018-04-11 20:20:14.780] [DEBUG] logs - redis cache get * zhib|api|JGJiOhAT_store_phone *1ms 
[2018-04-11 20:20:14.781] [DEBUG] logs - redis cache get * zhib|api|JGJiOhAT_phoneData *0ms 
[2018-04-11 20:20:55.965] [INFO] logs - request-get-url: http://apitest.zhib.net/util/valid/phone?timespan=0bcaff85c348539eaa53c8eb3594278c&raid=06e42fe22e1fa618fcc19a2b64349dfb&dba=b1d4c0b625026ece5dbcc52632aeb9018f8c58606b18b352f97a7bd7ecbb93c1****24ms
[2018-04-11 20:20:55.989] [ERROR] logs - request-get-url-error: Error: Bad Gateway ,status: 502 ,url:http://apitest.zhib.net/util/valid/phone****47ms
[2018-04-11 20:21:35.863] [INFO] logs - request-get-url: http://apitest.zhib.net/util/valid/phone?timespan=1675d89c9691d560127137965b40746b&raid=14128ce36850004b93777f1f212887c8&dba=e81e1c3a657c2719eacdce64ab3b573d8457a179ea540f72f27530840a398fc0****31ms
[2018-04-11 20:21:35.865] [DEBUG] logs - redis cache set * zhib|api|JGJiOhAT_store_phone *1ms 
[2018-04-11 20:21:35.866] [DEBUG] logs - redis cache set * zhib|api|JGJiOhAT_phoneData *2ms 
[2018-04-11 20:21:36.536] [DEBUG] logs - redis cache get * zhib|api|JGJiOhAT_store_phone *1ms 
[2018-04-11 20:21:36.537] [DEBUG] logs - redis cache get * zhib|api|JGJiOhAT_phoneData *0ms 
[2018-04-11 20:22:01.521] [DEBUG] logs - redis cache get * zhib|api|url_/login?tsp=1523449321413|timespan|timespan_1523449321413 *0ms 
[2018-04-11 20:22:01.523] [DEBUG] logs - redis cache set * zhib|api|url_/login?tsp=1523449321413|timespan|timespan_1523449321413 *1ms 
[2018-04-11 20:22:21.420] [DEBUG] logs - redis cache get * zhib|api|JGJiOhAT_store_phone *1ms 
[2018-04-11 20:22:21.421] [DEBUG] logs - redis cache get * zhib|api|JGJiOhAT_phoneData *0ms 
[2018-04-11 20:23:05.211] [INFO] logs - request-get-url: http://apitest.zhib.net/util/valid/phone?timespan=143d31fd3823272e094ac849054905e9&raid=3bbe840fd8a6b9227eb17b0ea38c29d0&dba=e81e1c3a657c2719eacdce64ab3b573d8457a179ea540f72f27530840a398fc0****38ms
[2018-04-11 20:23:05.213] [DEBUG] logs - redis cache set * zhib|api|JGJiOhAT_store_phone *1ms 
[2018-04-11 20:23:05.214] [DEBUG] logs - redis cache set * zhib|api|JGJiOhAT_phoneData *1ms 
[2018-04-11 20:23:05.863] [DEBUG] logs - redis cache get * zhib|api|JGJiOhAT_store_phone *0ms 
[2018-04-11 20:23:05.864] [DEBUG] logs - redis cache get * zhib|api|JGJiOhAT_phoneData *1ms 
[2018-04-11 20:23:22.504] [DEBUG] logs - redis cache get * zhib|api|url_/login?tsp=1523449402398|timespan|timespan_1523449402398 *0ms 
[2018-04-11 20:23:22.505] [DEBUG] logs - redis cache set * zhib|api|url_/login?tsp=1523449402398|timespan|timespan_1523449402398 *0ms 
[2018-04-11 20:24:04.078] [DEBUG] logs - redis cache get * zhib|api|JGJiOhAT_store_phone *1ms 
[2018-04-11 20:24:04.080] [DEBUG] logs - redis cache get * zhib|api|JGJiOhAT_phoneData *0ms 
[2018-04-11 20:24:09.731] [DEBUG] logs - redis cache get * zhib|api|JGJiOhAT_store_phone *0ms 
[2018-04-11 20:24:09.734] [DEBUG] logs - redis cache get * zhib|api|JGJiOhAT_phoneData *1ms 
[2018-04-11 20:25:42.881] [DEBUG] logs - redis cache get * zhib|api|JGJiOhAT_store_phone *1ms 
[2018-04-11 20:25:42.885] [DEBUG] logs - redis cache get * zhib|api|JGJiOhAT_phoneData *1ms 
[2018-04-11 20:26:12.818] [INFO] logs - request-get-url: http://apitest.zhib.net/util/valid/phone?timespan=edfbee7b494c76491331e2ea4997ad07&raid=b217361bad1c5821fb8527f1ed825d5d&dba=b1d4c0b625026ece5dbcc52632aeb9018f8c58606b18b352f97a7bd7ecbb93c1****50ms
[2018-04-11 20:26:12.821] [DEBUG] logs - redis cache set * zhib|api|JGJiOhAT_store_phone *2ms 
[2018-04-11 20:26:12.822] [DEBUG] logs - redis cache set * zhib|api|JGJiOhAT_phoneData *2ms 
[2018-04-11 20:26:13.434] [DEBUG] logs - redis cache get * zhib|api|JGJiOhAT_store_phone *2ms 
[2018-04-11 20:26:13.435] [DEBUG] logs - redis cache get * zhib|api|JGJiOhAT_phoneData *0ms 
[2018-04-11 20:26:31.460] [DEBUG] logs - redis cache get * zhib|api|JGJiOhAT_store_phone *0ms 
[2018-04-11 20:26:31.467] [DEBUG] logs - redis cache get * zhib|api|JGJiOhAT_phoneData *7ms 
[2018-04-11 20:27:02.714] [INFO] logs - request-get-url: http://apitest.zhib.net/util/valid/phone?timespan=ece10cadfa582e3d5bf88a26b76dc32a&raid=211fb545964331a2000644402a54fb41&dba=e81e1c3a657c2719eacdce64ab3b573d8457a179ea540f72f27530840a398fc0****41ms
[2018-04-11 20:27:02.717] [DEBUG] logs - redis cache set * zhib|api|JGJiOhAT_store_phone *2ms 
[2018-04-11 20:27:02.718] [DEBUG] logs - redis cache set * zhib|api|JGJiOhAT_phoneData *2ms 
[2018-04-11 20:27:03.661] [DEBUG] logs - redis cache get * zhib|api|JGJiOhAT_store_phone *0ms 
[2018-04-11 20:27:03.662] [DEBUG] logs - redis cache get * zhib|api|JGJiOhAT_phoneData *0ms 
[2018-04-11 20:28:11.504] [INFO] logs - request-get-url: http://apitest.zhib.net/util/valid/phone?timespan=fb4a46b93ec3ec435658feea4a406a62&raid=ecdf8f7bdaab44a3bf7e7ca3abbe813f&dba=db834d023c8095856a059122515ef2cac73b985371148c1abc89b4dc550dd53c****39ms
[2018-04-11 20:28:11.507] [DEBUG] logs - redis cache set * zhib|api|JGJiOhAT_store_phone *1ms 
[2018-04-11 20:28:11.507] [DEBUG] logs - redis cache set * zhib|api|JGJiOhAT_phoneData *2ms 
[2018-04-11 20:28:12.434] [DEBUG] logs - redis cache get * zhib|api|JGJiOhAT_store_phone *0ms 
[2018-04-11 20:28:12.435] [DEBUG] logs - redis cache get * zhib|api|JGJiOhAT_phoneData *1ms 
[2018-04-11 20:30:04.235] [INFO] logs - request-get-url: http://apitest.zhib.net/util/valid/phone?timespan=4fb7bc071fabf0241b00f3116445014e&raid=8e50c0428155985edd7ce464f60943de&dba=db834d023c8095856a059122515ef2cac73b985371148c1abc89b4dc550dd53c****87ms
[2018-04-11 20:30:04.242] [DEBUG] logs - redis cache set * zhib|api|JGJiOhAT_store_phone *4ms 
[2018-04-11 20:30:04.243] [DEBUG] logs - redis cache set * zhib|api|JGJiOhAT_phoneData *5ms 
[2018-04-11 20:30:04.952] [DEBUG] logs - redis cache get * zhib|api|JGJiOhAT_store_phone *1ms 
[2018-04-11 20:30:04.952] [DEBUG] logs - redis cache get * zhib|api|JGJiOhAT_phoneData *0ms 
[2018-04-11 20:32:23.120] [INFO] logs - request-get-url: http://apitest.zhib.net/util/valid/phone?timespan=a91cf51d9eecc2495da18ab9fa6aad06&raid=ecb1ef7b2c86b1cba8de8a1cad8a84bf&dba=db834d023c8095856a059122515ef2cac73b985371148c1abc89b4dc550dd53c****65ms
[2018-04-11 20:32:23.126] [DEBUG] logs - redis cache set * zhib|api|JGJiOhAT_store_phone *3ms 
[2018-04-11 20:32:23.127] [DEBUG] logs - redis cache set * zhib|api|JGJiOhAT_phoneData *4ms 
[2018-04-11 20:32:23.823] [DEBUG] logs - redis cache get * zhib|api|JGJiOhAT_store_phone *0ms 
[2018-04-11 20:32:23.824] [DEBUG] logs - redis cache get * zhib|api|JGJiOhAT_phoneData *0ms 
[2018-04-11 20:34:52.160] [INFO] logs - request-get-url: http://apitest.zhib.net/util/valid/phone?timespan=8010a5109b6b06be51c0d1b420558d5c&raid=833ae2f7d25640d1c1c8f30bfda2987f&dba=db834d023c8095856a059122515ef2cac73b985371148c1abc89b4dc550dd53c****130ms
[2018-04-11 20:34:52.166] [DEBUG] logs - redis cache set * zhib|api|JGJiOhAT_store_phone *4ms 
[2018-04-11 20:34:52.167] [DEBUG] logs - redis cache set * zhib|api|JGJiOhAT_phoneData *4ms 
[2018-04-11 20:34:53.028] [DEBUG] logs - redis cache get * zhib|api|JGJiOhAT_store_phone *1ms 
[2018-04-11 20:34:53.031] [DEBUG] logs - redis cache get * zhib|api|JGJiOhAT_phoneData *2ms 
[2018-04-11 20:39:52.827] [DEBUG] logs - redis cache get * zhib|api|JGJiOhAT_store_phone *1ms 
[2018-04-11 20:39:52.833] [DEBUG] logs - redis cache get * zhib|api|JGJiOhAT_phoneData *1ms 
[2018-04-11 20:40:05.465] [INFO] logs - request-get-url: http://apitest.zhib.net/util/valid/phone?timespan=5ebb8a280e0b11e9ca21d4d68d5990f5&raid=1f8cca8b67a09db3e85b5d233847efa2&dba=b1d4c0b625026ece5dbcc52632aeb9018f8c58606b18b352f97a7bd7ecbb93c1****73ms
[2018-04-11 20:40:05.469] [DEBUG] logs - redis cache set * zhib|api|JGJiOhAT_store_phone *3ms 
[2018-04-11 20:40:05.469] [DEBUG] logs - redis cache set * zhib|api|JGJiOhAT_phoneData *3ms 
[2018-04-11 20:40:06.178] [DEBUG] logs - redis cache get * zhib|api|JGJiOhAT_store_phone *1ms 
[2018-04-11 20:40:06.179] [DEBUG] logs - redis cache get * zhib|api|JGJiOhAT_phoneData *1ms 
[2018-04-11 20:44:51.711] [INFO] logs - request-get-url: http://apitest.zhib.net/util/valid/phone?timespan=7a4f8a0112f42e2a0ef6a4cb47b6e45e&raid=24d3f5b66168a6ee56c5db75801b24be&dba=b1d4c0b625026ece5dbcc52632aeb9018f8c58606b18b352f97a7bd7ecbb93c1****74ms
[2018-04-11 20:44:51.761] [DEBUG] logs - redis cache set * zhib|api|JGJiOhAT_store_phone *44ms 
[2018-04-11 20:44:51.761] [DEBUG] logs - redis cache set * zhib|api|JGJiOhAT_phoneData *44ms 
[2018-04-11 20:44:52.488] [DEBUG] logs - redis cache get * zhib|api|JGJiOhAT_store_phone *0ms 
[2018-04-11 20:44:52.489] [DEBUG] logs - redis cache get * zhib|api|JGJiOhAT_phoneData *0ms 
[2018-04-11 20:49:28.432] [INFO] logs - request-get-url: http://apitest.zhib.net/util/valid/phone?timespan=3fb6ff1a11d6ee9f1e2eec69a4c36937&raid=a66f89b0be4466ad4ad52800c46d947c&dba=b1d4c0b625026ece5dbcc52632aeb9018f8c58606b18b352f97a7bd7ecbb93c1****50ms
[2018-04-11 20:49:28.439] [DEBUG] logs - redis cache set * zhib|api|JGJiOhAT_store_phone *4ms 
[2018-04-11 20:49:28.439] [DEBUG] logs - redis cache set * zhib|api|JGJiOhAT_phoneData *4ms 
[2018-04-11 20:49:29.529] [DEBUG] logs - redis cache get * zhib|api|JGJiOhAT_store_phone *2ms 
[2018-04-11 20:49:29.564] [DEBUG] logs - redis cache get * zhib|api|JGJiOhAT_phoneData *34ms 
[2018-04-11 20:54:15.637] [DEBUG] logs - redis cache get * zhib|api|JGJiOhAT_store_phone *2ms 
[2018-04-11 20:54:15.642] [DEBUG] logs - redis cache get * zhib|api|JGJiOhAT_phoneData *1ms 
[2018-04-11 20:59:46.534] [INFO] logs - request-get-url: http://apitest.zhib.net/util/valid/phone?timespan=1f64865dbfd2d8757402f17e2726a737&raid=d436bb1dc3cd570b0f82bd1f68f53ef2&dba=b1d4c0b625026ece5dbcc52632aeb9018f8c58606b18b352f97a7bd7ecbb93c1****71ms
[2018-04-11 20:59:46.544] [DEBUG] logs - redis cache set * zhib|api|JGJiOhAT_store_phone *6ms 
[2018-04-11 20:59:46.545] [DEBUG] logs - redis cache set * zhib|api|JGJiOhAT_phoneData *6ms 
[2018-04-11 20:59:47.553] [DEBUG] logs - redis cache get * zhib|api|JGJiOhAT_store_phone *1ms 
[2018-04-11 20:59:47.555] [DEBUG] logs - redis cache get * zhib|api|JGJiOhAT_phoneData *1ms 
[2018-04-11 21:00:34.790] [DEBUG] logs - redis cache get * zhib|api|JGJiOhAT_store_phone *0ms 
[2018-04-11 21:00:34.791] [DEBUG] logs - redis cache get * zhib|api|JGJiOhAT_phoneData *1ms 
[2018-04-11 21:00:45.741] [INFO] logs - request-get-url: http://apitest.zhib.net/util/valid/phone?timespan=1fba976ceaf7c1250a10f497164fcdb4&raid=8f819a7afbb31b335b3583c1cabf02bd&dba=e81e1c3a657c2719eacdce64ab3b573d8457a179ea540f72f27530840a398fc0****35ms
[2018-04-11 21:00:45.761] [DEBUG] logs - redis cache set * zhib|api|JGJiOhAT_store_phone *19ms 
[2018-04-11 21:00:45.761] [DEBUG] logs - redis cache set * zhib|api|JGJiOhAT_phoneData *19ms 
[2018-04-11 21:00:46.525] [DEBUG] logs - redis cache get * zhib|api|JGJiOhAT_store_phone *0ms 
[2018-04-11 21:00:46.525] [DEBUG] logs - redis cache get * zhib|api|JGJiOhAT_phoneData *0ms 
[2018-04-11 21:05:10.316] [DEBUG] logs - redis cache get * zhib|api|JGJiOhAT_store_phone *5ms 
[2018-04-11 21:05:10.320] [DEBUG] logs - redis cache get * zhib|api|JGJiOhAT_phoneData *3ms 
[2018-04-11 21:07:33.471] [INFO] logs - request-get-url: http://apitest.zhib.net/util/valid/phone?timespan=0da762f3b466ddfae82bb09e98b1742d&raid=18cd6ecab6c3ae353aac4ede2b7e48cf&dba=b1d4c0b625026ece5dbcc52632aeb9018f8c58606b18b352f97a7bd7ecbb93c1****106ms
[2018-04-11 21:07:33.479] [DEBUG] logs - redis cache set * zhib|api|JGJiOhAT_store_phone *5ms 
[2018-04-11 21:07:33.480] [DEBUG] logs - redis cache set * zhib|api|JGJiOhAT_phoneData *5ms 
[2018-04-11 21:07:34.214] [DEBUG] logs - redis cache get * zhib|api|JGJiOhAT_store_phone *1ms 
[2018-04-11 21:07:34.215] [DEBUG] logs - redis cache get * zhib|api|JGJiOhAT_phoneData *0ms 
[2018-04-11 21:07:42.021] [DEBUG] logs - redis cache get * zhib|api|JGJiOhAT_store_phone *1ms 
[2018-04-11 21:07:42.028] [DEBUG] logs - redis cache get * zhib|api|JGJiOhAT_phoneData *0ms 
[2018-04-11 21:07:55.439] [INFO] logs - request-get-url: http://apitest.zhib.net/util/valid/phone?timespan=8f3740b8765ebdf089370f347fa41d64&raid=120d78d765d6103a4c069822ac3fd705&dba=e81e1c3a657c2719eacdce64ab3b573d8457a179ea540f72f27530840a398fc0****35ms
[2018-04-11 21:07:55.442] [DEBUG] logs - redis cache set * zhib|api|JGJiOhAT_store_phone *3ms 
[2018-04-11 21:07:55.442] [DEBUG] logs - redis cache set * zhib|api|JGJiOhAT_phoneData *2ms 
[2018-04-11 21:07:56.247] [DEBUG] logs - redis cache get * zhib|api|JGJiOhAT_store_phone *1ms 
[2018-04-11 21:07:56.248] [DEBUG] logs - redis cache get * zhib|api|JGJiOhAT_phoneData *1ms 
[2018-04-11 21:23:04.072] [DEBUG] logs - redis cache get * zhib|api|JGJiOhAT_store_phone *1ms 
[2018-04-11 21:23:04.075] [DEBUG] logs - redis cache get * zhib|api|JGJiOhAT_phoneData *0ms 
[2018-04-11 21:23:18.909] [INFO] logs - request-get-url: http://apitest.zhib.net/util/valid/phone?timespan=d361f926219813b5b642fb5036ee1c90&raid=a185a1b6db416ead826eecc35dcb08d7&dba=e81e1c3a657c2719eacdce64ab3b573d8457a179ea540f72f27530840a398fc0****68ms
[2018-04-11 21:23:18.913] [DEBUG] logs - redis cache set * zhib|api|JGJiOhAT_store_phone *3ms 
[2018-04-11 21:23:18.914] [DEBUG] logs - redis cache set * zhib|api|JGJiOhAT_phoneData *4ms 
[2018-04-11 21:23:19.891] [DEBUG] logs - redis cache get * zhib|api|JGJiOhAT_store_phone *1ms 
[2018-04-11 21:23:19.892] [DEBUG] logs - redis cache get * zhib|api|JGJiOhAT_phoneData *1ms 
[2018-04-11 21:23:47.735] [DEBUG] logs - redis cache get * zhib|api|JGJiOhAT_store_phone *1ms 
[2018-04-11 21:24:58.625] [INFO] logs - request-get-url: http://apitest.zhib.net/util/valid/phone?timespan=ff4cfbccd3b0e01bfb28c4c3b3311a13&raid=487af63d2e183c024a5d2f1528d73024&dba=e81e1c3a657c2719eacdce64ab3b573d8457a179ea540f72f27530840a398fc0****34ms
[2018-04-11 21:24:58.698] [DEBUG] logs - redis cache set * zhib|api|JGJiOhAT_store_phone *71ms 
[2018-04-11 21:24:58.699] [DEBUG] logs - redis cache set * zhib|api|JGJiOhAT_phoneData *72ms 
[2018-04-11 21:24:59.683] [DEBUG] logs - redis cache get * zhib|api|JGJiOhAT_store_phone *47ms 
[2018-04-11 21:24:59.685] [DEBUG] logs - redis cache get * zhib|api|JGJiOhAT_phoneData *1ms 
[2018-04-11 21:25:36.457] [DEBUG] logs - redis cache get * zhib|api|JGJiOhAT_store_phone *1ms 
[2018-04-11 21:27:12.655] [DEBUG] logs - redis cache get * zhib|api|JGJiOhAT_store_phone *1ms 
[2018-04-11 21:27:12.660] [DEBUG] logs - redis cache get * zhib|api|JGJiOhAT_phoneData *1ms 
[2018-04-11 21:28:48.988] [DEBUG] logs - redis cache get * zhib|api|JGJiOhAT_store_phone *9ms 
[2018-04-11 21:28:48.992] [DEBUG] logs - redis cache get * zhib|api|JGJiOhAT_phoneData *1ms 
[2018-04-11 21:28:58.822] [DEBUG] logs - redis cache get * zhib|api|JGJiOhAT_store_phone *9ms 
[2018-04-11 21:28:58.824] [DEBUG] logs - redis cache get * zhib|api|JGJiOhAT_phoneData *0ms 
[2018-04-11 21:31:28.990] [INFO] logs - request-get-url: http://apitest.zhib.net/util/valid/phone?timespan=26d444b57e4e9f304c6999439ffcf4fb&raid=b600c55dacb9013ae48668c343d300d2&dba=e81e1c3a657c2719eacdce64ab3b573d8457a179ea540f72f27530840a398fc0****36ms
[2018-04-11 21:31:28.992] [DEBUG] logs - redis cache set * zhib|api|JGJiOhAT_store_phone *1ms 
[2018-04-11 21:31:28.992] [DEBUG] logs - redis cache set * zhib|api|JGJiOhAT_phoneData *1ms 
[2018-04-11 21:31:29.929] [DEBUG] logs - redis cache get * zhib|api|JGJiOhAT_store_phone *8ms 
[2018-04-11 21:31:29.931] [DEBUG] logs - redis cache get * zhib|api|JGJiOhAT_phoneData *1ms 
[2018-04-11 21:32:10.476] [DEBUG] logs - redis cache get * zhib|api|JGJiOhAT_store_phone *0ms 
[2018-04-11 21:34:04.087] [DEBUG] logs - redis cache get * zhib|api|JGJiOhAT_store_phone *1ms 
[2018-04-11 21:34:04.091] [DEBUG] logs - redis cache get * zhib|api|JGJiOhAT_phoneData *0ms 
[2018-04-11 21:35:53.495] [INFO] logs - request-get-url: http://apitest.zhib.net/util/valid/phone?timespan=2feb5b3171fc739e8d86cc34826e6419&raid=9c5e9f3f0d24bb6ef96e30f3054d0b1f&dba=e81e1c3a657c2719eacdce64ab3b573d8457a179ea540f72f27530840a398fc0****51ms
[2018-04-11 21:35:53.504] [DEBUG] logs - redis cache set * zhib|api|JGJiOhAT_store_phone *4ms 
[2018-04-11 21:35:53.504] [DEBUG] logs - redis cache set * zhib|api|JGJiOhAT_phoneData *5ms 
[2018-04-11 21:35:54.178] [DEBUG] logs - redis cache get * zhib|api|JGJiOhAT_store_phone *1ms 
[2018-04-11 21:35:54.179] [DEBUG] logs - redis cache get * zhib|api|JGJiOhAT_phoneData *0ms 
[2018-04-11 21:36:15.887] [INFO] logs - request-get-url: http://apitest.zhib.net/util/valid/phone?timespan=f3ae8c3790eddb8934c1fe7116b38c10&raid=611f6d603479737da4bcbdb7a622fff8&dba=b1d4c0b625026ece5dbcc52632aeb9018f8c58606b18b352f97a7bd7ecbb93c1****36ms
[2018-04-11 21:36:15.890] [DEBUG] logs - redis cache set * zhib|api|JGJiOhAT_store_phone *3ms 
[2018-04-11 21:36:15.891] [DEBUG] logs - redis cache set * zhib|api|JGJiOhAT_phoneData *3ms 
[2018-04-11 21:36:16.663] [DEBUG] logs - redis cache get * zhib|api|JGJiOhAT_store_phone *0ms 
[2018-04-11 21:36:16.664] [DEBUG] logs - redis cache get * zhib|api|JGJiOhAT_phoneData *0ms 
[2018-04-11 21:36:43.460] [DEBUG] logs - redis cache get * zhib|api|JGJiOhAT_store_phone *0ms 
