[2018-04-10 17:00:46.550] [INFO] logs - request-get-url: http://apitest.zhib.net/util/locating/rcd?timespan=b6eb2cedc0bf9a63c0a5f9d171307c22&raid=06aded78f51a5981a887dad9b6cc38a2&dba=dea2f0ddcf201aa53d718501b98334d9c673a6fc654c1989c895134206b923cf****65ms
[2018-04-10 17:00:46.576] [ERROR] logs - request-get-url-error: Error: Forbidden ,status: 403 ,url:http://apitest.zhib.net/util/locating/rcd****92ms
[2018-04-10 17:05:44.265] [INFO] logs - request-get-url: http://apitest.zhib.net/util/locating/rcd?timespan=9b54965e32673bae5eaa36f77dd1dd60&raid=0e4314af5620cb2aebb7c2509190e538&dba=1d5568e9e5edeef216c69408435342e61a2e6f5a9ec53d457c933c52c1985ce8****84ms
[2018-04-10 17:05:44.268] [ERROR] logs - request-get-url-error: Error: Forbidden ,status: 403 ,url:http://apitest.zhib.net/util/locating/rcd****87ms
[2018-04-10 17:07:44.333] [INFO] logs - request-get-url: http://apitest.zhib.net/util/locating/rcd?timespan=9b54965e32673bae5eaa36f77dd1dd60&raid=0e4314af5620cb2aebb7c2509190e538&dba=3215c2b301dd959c1ee54cc037e55f22e73f4d9ca48a51aa087c48454e9758b6****31ms
[2018-04-10 17:07:44.334] [ERROR] logs - request-get-url-error: Error: Forbidden ,status: 403 ,url:http://apitest.zhib.net/util/locating/rcd****33ms
[2018-04-10 17:10:07.690] [INFO] logs - request-get-url: http://apitest.zhib.net/util/locating/rcd?timespan=bc16d1255fbfeb114d2c5838a7f5b1b5&raid=1ef9c39f5cf89a93bbbf691bd6992df9&dba=7cbd3bd14709d1758b03055d4f9c7c11a82f7573c3494dfe7d631cbe04b8906d****54ms
[2018-04-10 17:10:07.693] [ERROR] logs - request-get-url-error: Error: Forbidden ,status: 403 ,url:http://apitest.zhib.net/util/locating/rcd****58ms
[2018-04-10 17:11:26.670] [INFO] logs - request-get-url: http://apitest.zhib.net/util/locating/rcd?timespan=4123766d2f4208bb2559a578b515b93c&raid=adf92c2d86603a7710b95e1e7e97db85&dba=8a7d8c7d3c97cdfec534853a137d24131d0430a0f89ae22d56f3727d72599cb6****52ms
[2018-04-10 17:11:26.729] [ERROR] logs - request-get-url-error: Error: Forbidden ,status: 403 ,url:http://apitest.zhib.net/util/locating/rcd****112ms
[2018-04-10 17:13:29.361] [INFO] logs - request-get-url: http://apitest.zhib.net/util/locating/rcd?timespan=4256e9daa4d291ccf233e3a6e4744af9&raid=1ba6afdddbe09e109da11a164b8aca03&dba=ad5ab006f9358a6d4a8fc71950c7d498d6027b33bd70f3f3f25567a6e96b5200****75ms
[2018-04-10 17:13:42.847] [INFO] logs - request-get-url: http://apitest.zhib.net/util/locating/rcd?timespan=1b6ae1d140c125b85b348f3e93b4f151&raid=d198b0d24550f729f155456ba9f447b9&dba=ad5ab006f9358a6d4a8fc71950c7d498d6027b33bd70f3f3f25567a6e96b5200****137ms
[2018-04-10 17:16:45.377] [INFO] logs - request-get-url: http://apitest.zhib.net/util/locating/rcd?timespan=ed82998144597689b053bc2ff4cefe7a&raid=401bdd0c583a464598a48b518d10d468&dba=ad5ab006f9358a6d4a8fc71950c7d498d6027b33bd70f3f3f25567a6e96b5200****232ms
[2018-04-10 17:17:20.967] [INFO] logs - request-get-url: http://apitest.zhib.net/util/locating/rcd?timespan=7307b9158fe36f4a75ca458beecfbdba&raid=f0ac8a1c1de5126e8121d0ae6e27d060&dba=ad5ab006f9358a6d4a8fc71950c7d498d6027b33bd70f3f3f25567a6e96b5200****45ms
[2018-04-10 17:17:39.582] [INFO] logs - request-get-url: http://apitest.zhib.net/util/locating/rcd?timespan=a6e0f63c6a0bf2bf97934e901de0e174&raid=683a9a8d2d5b6d5cc80625a993c9b65f&dba=ad5ab006f9358a6d4a8fc71950c7d498d6027b33bd70f3f3f25567a6e96b5200****38ms
[2018-04-10 17:18:23.050] [INFO] logs - request-get-url: http://apitest.zhib.net/util/locating/rcd?timespan=8e3bb86284c373d2155c9e0d9a0fe84a&raid=c5ca0631493b9f877ed1daf2e3e622d1&dba=ad5ab006f9358a6d4a8fc71950c7d498d6027b33bd70f3f3f25567a6e96b5200****36ms
[2018-04-10 17:18:49.948] [INFO] logs - request-get-url: http://apitest.zhib.net/util/locating/rcd?timespan=34d6faa7e5cd87f65a67e71b24eaeed9&raid=2b246573e41b90e82b3541757516f79b&dba=ad5ab006f9358a6d4a8fc71950c7d498d6027b33bd70f3f3f25567a6e96b5200****30ms
[2018-04-10 17:19:55.995] [INFO] logs - request-get-url: http://apitest.zhib.net/util/locating/rcd?timespan=876d1f7d02f648f9567ee3f52f3aaea6&raid=f62d612d87ad75a7e053cbd6a6ccdff6&dba=ad5ab006f9358a6d4a8fc71950c7d498d6027b33bd70f3f3f25567a6e96b5200****46ms
[2018-04-10 17:20:03.437] [INFO] logs - request-get-url: http://apitest.zhib.net/util/locating/rcd?timespan=a4581a2554d6b35428608c8c0482cbdf&raid=b68a04828551db766f8a5b49c71bfefa&dba=ad5ab006f9358a6d4a8fc71950c7d498d6027b33bd70f3f3f25567a6e96b5200****32ms
[2018-04-10 17:20:33.261] [INFO] logs - request-get-url: http://apitest.zhib.net/util/locating/rcd?timespan=29f551d3f6b2303582ed999af4ebe00f&raid=d9c3b740f7455f8936fbd04be41b24a3&dba=ad5ab006f9358a6d4a8fc71950c7d498d6027b33bd70f3f3f25567a6e96b5200****49ms
[2018-04-10 17:20:54.086] [INFO] logs - request-get-url: http://apitest.zhib.net/util/locating/rcd?timespan=230cc7a429c50286cb125a7bd99eea4e&raid=8bb42e80ed19f4cb157802bc7596d8f1&dba=ad5ab006f9358a6d4a8fc71950c7d498d6027b33bd70f3f3f25567a6e96b5200****41ms
[2018-04-10 17:21:10.008] [INFO] logs - request-get-url: http://apitest.zhib.net/util/locating/rcd?timespan=cda6d563a19efe51f0a0d341c8165fb2&raid=ba7e34036b8bdba5581e1156635bbd15&dba=ad5ab006f9358a6d4a8fc71950c7d498d6027b33bd70f3f3f25567a6e96b5200****36ms
[2018-04-10 17:21:31.894] [INFO] logs - request-get-url: http://apitest.zhib.net/util/locating/rcd?timespan=9823ff4596f47e259ae883e88d6071d4&raid=889b022570205b14373c5e96d580b686&dba=ad5ab006f9358a6d4a8fc71950c7d498d6027b33bd70f3f3f25567a6e96b5200****31ms
[2018-04-10 17:21:45.910] [INFO] logs - request-get-url: http://apitest.zhib.net/util/locating/rcd?timespan=f3526230ecb33b2029c13db6e1e806a4&raid=903135dfc5f6b77949cb87a23c907f00&dba=ad5ab006f9358a6d4a8fc71950c7d498d6027b33bd70f3f3f25567a6e96b5200****36ms
[2018-04-10 17:22:38.142] [INFO] logs - request-get-url: http://apitest.zhib.net/util/locating/rcd?timespan=e19f74de6a87f9a3347dccb71f4a3afe&raid=c6e7faa8e70e5b19f6d92c5ee5ca4476&dba=ad5ab006f9358a6d4a8fc71950c7d498d6027b33bd70f3f3f25567a6e96b5200****1028ms
[2018-04-10 17:22:40.932] [INFO] logs - request-get-url: http://apitest.zhib.net/util/locating/rcd?timespan=84c7afb83435876ed4352eba94161e10&raid=e2f09f1ae957fecce7d2bb9edfd18fc1&dba=ad5ab006f9358a6d4a8fc71950c7d498d6027b33bd70f3f3f25567a6e96b5200****32ms
[2018-04-10 17:22:43.706] [INFO] logs - request-get-url: http://apitest.zhib.net/util/locating/rcd?timespan=c67873e61a309d9a3ee9f4e55b8a1b17&raid=f5f6d85d51f635f4acb2726851396d65&dba=ad5ab006f9358a6d4a8fc71950c7d498d6027b33bd70f3f3f25567a6e96b5200****27ms
[2018-04-10 17:22:53.455] [INFO] logs - request-get-url: http://apitest.zhib.net/util/locating/rcd?timespan=979f0a665b47e82ae917295b9b5af417&raid=aeaaf4852944ddc882eea666e26b9e51&dba=ad5ab006f9358a6d4a8fc71950c7d498d6027b33bd70f3f3f25567a6e96b5200****29ms
[2018-04-10 17:25:59.824] [INFO] logs - request-get-url: http://apitest.zhib.net/util/locating/rcd?timespan=c6f74c322cc67de8e436b5f13987ab82&raid=c54f3ebb7708438a02633273800c2b3e&dba=ad5ab006f9358a6d4a8fc71950c7d498d6027b33bd70f3f3f25567a6e96b5200****20012ms
[2018-04-10 17:25:59.852] [ERROR] logs - request-get-url-error: Error: Timeout of 20000ms exceeded ,status: undefined ,url:http://apitest.zhib.net/util/locating/rcd****20040ms
[2018-04-10 17:26:27.666] [INFO] logs - request-get-url: http://apitest.zhib.net/util/locating/rcd?timespan=8246cdf597eee4882b54c519b95c1f78&raid=f8a8d4ca9bed330d572127380b0011d2&dba=ad5ab006f9358a6d4a8fc71950c7d498d6027b33bd70f3f3f25567a6e96b5200****33ms
[2018-04-10 17:26:27.699] [ERROR] logs - request-get-url-error: Error: Bad Gateway ,status: 502 ,url:http://apitest.zhib.net/util/locating/rcd****66ms
[2018-04-10 17:26:42.729] [INFO] logs - request-get-url: http://apitest.zhib.net/util/locating/rcd?timespan=57738676b36d7ab15991a1a814330fda&raid=57e999ecd0585f1289b5a62bf2eb15db&dba=ad5ab006f9358a6d4a8fc71950c7d498d6027b33bd70f3f3f25567a6e96b5200****1393ms
[2018-04-10 17:26:42.736] [ERROR] logs - request-get-url-error: Error: Bad Gateway ,status: 502 ,url:http://apitest.zhib.net/util/locating/rcd****1404ms
[2018-04-10 17:26:43.491] [INFO] logs - request-get-url: http://apitest.zhib.net/util/locating/rcd?timespan=1a1a86eac109881a9d6cae2cda154414&raid=b9752beee198f06e4480310618049ea3&dba=ad5ab006f9358a6d4a8fc71950c7d498d6027b33bd70f3f3f25567a6e96b5200****25ms
[2018-04-10 17:26:43.501] [ERROR] logs - request-get-url-error: Error: Bad Gateway ,status: 502 ,url:http://apitest.zhib.net/util/locating/rcd****35ms
[2018-04-10 17:27:17.703] [INFO] logs - request-get-url: http://apitest.zhib.net/util/locating/rcd?timespan=ba32c9fb2608630dff5f45e4e088109e&raid=79e9ab00ba3a10c73df5ca2351da4a94&dba=ad5ab006f9358a6d4a8fc71950c7d498d6027b33bd70f3f3f25567a6e96b5200****31ms
[2018-04-10 17:27:17.708] [ERROR] logs - request-get-url-error: Error: Bad Gateway ,status: 502 ,url:http://apitest.zhib.net/util/locating/rcd****36ms
[2018-04-10 17:28:20.069] [INFO] logs - request-get-url: http://apitest.zhib.net/util/locating/rcd?timespan=cba93d34eb90fc3bf2cc23847d13c971&raid=25b614ac00d6cb32a2cec0341d6b0565&dba=ad5ab006f9358a6d4a8fc71950c7d498d6027b33bd70f3f3f25567a6e96b5200****30ms
[2018-04-10 17:28:20.077] [ERROR] logs - request-get-url-error: Error: Bad Gateway ,status: 502 ,url:http://apitest.zhib.net/util/locating/rcd****38ms
[2018-04-10 17:31:25.680] [INFO] logs - request-get-url: http://apitest.zhib.net/util/locating/rcd?timespan=62e963f0ffd971afe4adc71d1774d2bc&raid=ea77a6241de35da6cef749f93c45d9d6&dba=ad5ab006f9358a6d4a8fc71950c7d498d6027b33bd70f3f3f25567a6e96b5200****1096ms
[2018-04-10 17:31:25.768] [ERROR] logs - request-get-url-error: Error: Bad Gateway ,status: 502 ,url:http://apitest.zhib.net/util/locating/rcd****1184ms
[2018-04-10 17:37:35.253] [INFO] logs - request-get-url: http://apitest.zhib.net/util/locating/rcd?timespan=c8fc443dab21097c9711f59be0ac1039&raid=dd4958414f02f89f8890d8dbd49c8155&dba=ad5ab006f9358a6d4a8fc71950c7d498d6027b33bd70f3f3f25567a6e96b5200****84ms
[2018-04-10 17:37:35.315] [ERROR] logs - request-get-url-error: Error: Bad Gateway ,status: 502 ,url:http://apitest.zhib.net/util/locating/rcd****146ms
[2018-04-10 17:41:10.587] [INFO] logs - request-get-url: http://apitest.zhib.net/util/locating/rcd?timespan=ac75ebd9643c2b48460162af09a5ce9a&raid=84d2441e1aad66879dc485770aae40e9&dba=ad5ab006f9358a6d4a8fc71950c7d498d6027b33bd70f3f3f25567a6e96b5200****50ms
[2018-04-10 17:41:10.646] [ERROR] logs - request-get-url-error: Error: Bad Gateway ,status: 502 ,url:http://apitest.zhib.net/util/locating/rcd****110ms
[2018-04-10 17:58:40.789] [INFO] logs - request-get-url: http://apitest.zhib.net/util/locating/rcd?timespan=18f59249177c0498b7e4a8d16bc5e2d6&raid=df823e18e8333221a97b88499b8a1c79&dba=ad5ab006f9358a6d4a8fc71950c7d498d6027b33bd70f3f3f25567a6e96b5200****84ms
[2018-04-10 18:06:02.090] [INFO] logs - request-get-url: http://apitest.zhib.net/util/locating/rcd?timespan=e052a9a07b5ce72135e0ccaf24523580&raid=3f81b3e65393ec258f640d1f22cd69f9&dba=ad5ab006f9358a6d4a8fc71950c7d498d6027b33bd70f3f3f25567a6e96b5200****47ms
[2018-04-10 18:07:02.959] [INFO] logs - request-get-url: http://apitest.zhib.net/util/locating/rcd?timespan=6879dffa0ccbf59e1daf7d0b5dbd3edd&raid=02690e13caf0e7483241aadcd4cc1824&dba=ad5ab006f9358a6d4a8fc71950c7d498d6027b33bd70f3f3f25567a6e96b5200****55ms
[2018-04-10 18:07:21.081] [INFO] logs - request-get-url: http://apitest.zhib.net/util/locating/rcd?timespan=a9e5d7ac6529bf3a54e501c18df98870&raid=41334201a7daa213008d9a5173ae0e9e&dba=ad5ab006f9358a6d4a8fc71950c7d498d6027b33bd70f3f3f25567a6e96b5200****41ms
[2018-04-10 18:07:56.555] [INFO] logs - request-get-url: http://apitest.zhib.net/util/locating/rcd?timespan=23090b5d00854a2817d9f47f7bfb3aa7&raid=45a66edf81cdf18e87a24026080272c9&dba=ad5ab006f9358a6d4a8fc71950c7d498d6027b33bd70f3f3f25567a6e96b5200****42ms
[2018-04-10 18:08:34.639] [INFO] logs - request-get-url: http://apitest.zhib.net/util/locating/rcd?timespan=d19904d64ac34b256e70175d46b888cd&raid=9e734ac4e3285f846c518409e344b199&dba=ad5ab006f9358a6d4a8fc71950c7d498d6027b33bd70f3f3f25567a6e96b5200****34ms
[2018-04-10 18:08:39.521] [INFO] logs - request-get-url: http://apitest.zhib.net/util/locating/rcd?timespan=f4ab9529298b4fa047522846cecc7a48&raid=f0309f7b5531dd6fe15556ba7e535250&dba=ad5ab006f9358a6d4a8fc71950c7d498d6027b33bd70f3f3f25567a6e96b5200****29ms
[2018-04-10 18:08:40.989] [INFO] logs - request-get-url: http://apitest.zhib.net/util/locating/rcd?timespan=1457736d467df767337199eb1e52aa36&raid=f567f77b0d432ce4205f1c9d34eba4e2&dba=ad5ab006f9358a6d4a8fc71950c7d498d6027b33bd70f3f3f25567a6e96b5200****41ms
[2018-04-10 18:08:48.818] [INFO] logs - request-get-url: http://apitest.zhib.net/util/locating/rcd?timespan=1f981c0feca7c88b72e45f1840cbbfbf&raid=2de2569e26f5421f278aaf39534e72d0&dba=ad5ab006f9358a6d4a8fc71950c7d498d6027b33bd70f3f3f25567a6e96b5200****34ms
[2018-04-10 18:09:07.152] [INFO] logs - request-get-url: http://apitest.zhib.net/util/locating/rcd?timespan=594281d13f97a6b842c30adccc11a054&raid=b539a6f1666f643bb4bd698b3b9ac939&dba=ad5ab006f9358a6d4a8fc71950c7d498d6027b33bd70f3f3f25567a6e96b5200****48ms
[2018-04-10 18:09:27.399] [INFO] logs - request-get-url: http://apitest.zhib.net/util/locating/rcd?timespan=9d6fea83c051d3629f24b2e93dd06d9f&raid=a3688f277266c1b183b229ade14f69a5&dba=ad5ab006f9358a6d4a8fc71950c7d498d6027b33bd70f3f3f25567a6e96b5200****43ms
[2018-04-10 18:09:34.173] [INFO] logs - request-get-url: http://apitest.zhib.net/util/locating/rcd?timespan=b92f29cf7fe62aa454942e6f1e2f6ccb&raid=74baaecc9d57dd788caf57ae9642cfe0&dba=ad5ab006f9358a6d4a8fc71950c7d498d6027b33bd70f3f3f25567a6e96b5200****30ms
[2018-04-10 18:09:50.197] [INFO] logs - request-get-url: http://apitest.zhib.net/util/locating/rcd?timespan=730163cd4c9ffc821519c80484c2aa1a&raid=95092b2f026c32b48860b6c339ecea86&dba=ad5ab006f9358a6d4a8fc71950c7d498d6027b33bd70f3f3f25567a6e96b5200****37ms
[2018-04-10 18:10:11.486] [INFO] logs - request-get-url: http://apitest.zhib.net/util/locating/rcd?timespan=76d6aab3ad6a393960c4b4fbeae99bcf&raid=cfbfe9faae8785ae7b50432d2abe739b&dba=ad5ab006f9358a6d4a8fc71950c7d498d6027b33bd70f3f3f25567a6e96b5200****40ms
[2018-04-10 18:10:14.518] [INFO] logs - request-get-url: http://apitest.zhib.net/util/locating/rcd?timespan=bf4379197c53436434b336a2de97e8de&raid=3ec70400adbd9de064a4352ebbfd6d88&dba=ad5ab006f9358a6d4a8fc71950c7d498d6027b33bd70f3f3f25567a6e96b5200****33ms
[2018-04-10 18:10:16.228] [INFO] logs - request-get-url: http://apitest.zhib.net/util/locating/rcd?timespan=c26712cc004b1a9b893e10328fdfb2d0&raid=9e7200ffd51017e46034bb0d032b9862&dba=ad5ab006f9358a6d4a8fc71950c7d498d6027b33bd70f3f3f25567a6e96b5200****63ms
[2018-04-10 18:10:25.833] [INFO] logs - request-get-url: http://apitest.zhib.net/util/locating/rcd?timespan=73698e604d9e6be532ad88c11112966c&raid=883e3e66f7d99c7eae9efbde72a8b6d9&dba=ad5ab006f9358a6d4a8fc71950c7d498d6027b33bd70f3f3f25567a6e96b5200****30ms
[2018-04-10 18:11:08.825] [INFO] logs - request-get-url: http://apitest.zhib.net/util/locating/rcd?timespan=08a611c0e6e3a92f45503134c6519412&raid=a62cab200b49adb520d60421ab460129&dba=ad5ab006f9358a6d4a8fc71950c7d498d6027b33bd70f3f3f25567a6e96b5200****34ms
[2018-04-10 18:11:11.153] [INFO] logs - request-get-url: http://apitest.zhib.net/util/locating/rcd?timespan=bcc434403e517e5f3c8650cf08280230&raid=9e9b3c1c3cdee9f93d18442d388df824&dba=ad5ab006f9358a6d4a8fc71950c7d498d6027b33bd70f3f3f25567a6e96b5200****29ms
[2018-04-10 18:12:37.339] [INFO] logs - request-get-url: http://apitest.zhib.net/util/locating/rcd?timespan=2a49fea13072f27894e6b6ac785fd8c7&raid=e315d829aa816c3b7c83a09ac4895c32&dba=ad5ab006f9358a6d4a8fc71950c7d498d6027b33bd70f3f3f25567a6e96b5200****39ms
[2018-04-10 18:14:10.799] [INFO] logs - request-get-url: http://apitest.zhib.net/util/locating/rcd?timespan=69c19ef89f0ed6df5c3a004954646c9b&raid=5fe9bb1263cb521eee472a62588282e3&dba=ad5ab006f9358a6d4a8fc71950c7d498d6027b33bd70f3f3f25567a6e96b5200****67ms
[2018-04-10 18:14:15.578] [INFO] logs - request-get-url: http://apitest.zhib.net/util/locating/rcd?timespan=0c0c509f3359882c0fd72a4756d3c849&raid=1c76b6678bf18dd9a9696e1ad967984e&dba=ad5ab006f9358a6d4a8fc71950c7d498d6027b33bd70f3f3f25567a6e96b5200****32ms
[2018-04-10 18:16:30.117] [INFO] logs - request-get-url: http://apitest.zhib.net/util/locating/rcd?timespan=3603c577cf52888478383f5342746f8e&raid=883695afae76bc83e211d007a4223227&dba=ad5ab006f9358a6d4a8fc71950c7d498d6027b33bd70f3f3f25567a6e96b5200****98ms
[2018-04-10 18:18:52.026] [INFO] logs - request-get-url: http://apitest.zhib.net/util/locating/rcd?timespan=61de94b72df8c492eb4b18c96bcebdc2&raid=ad8e8d092f4ab041d0f8a2d5327bb8d9&dba=ad5ab006f9358a6d4a8fc71950c7d498d6027b33bd70f3f3f25567a6e96b5200****95ms
[2018-04-10 18:20:56.448] [INFO] logs - request-get-url: http://apitest.zhib.net/util/locating/rcd?timespan=0c076c98623e53dbb96d6f3a84f7c9b2&raid=4d8a4e20e510190c4185b9a3f4d73b7b&dba=ad5ab006f9358a6d4a8fc71950c7d498d6027b33bd70f3f3f25567a6e96b5200****105ms
[2018-04-10 18:22:51.171] [INFO] logs - request-get-url: http://apitest.zhib.net/util/locating/rcd?timespan=95aa3cdf10e4ae66f0dbd48000a7ffea&raid=cf31bbf46e928daba642c743c141c7ef&dba=ad5ab006f9358a6d4a8fc71950c7d498d6027b33bd70f3f3f25567a6e96b5200****59ms
[2018-04-10 18:22:52.932] [INFO] logs - request-get-url: http://apitest.zhib.net/util/locating/rcd?timespan=bad65d7d1bfe55352a5afc49b0d35476&raid=f21f7dc2149514bfd3f8db5fbd446fcf&dba=ad5ab006f9358a6d4a8fc71950c7d498d6027b33bd70f3f3f25567a6e96b5200****31ms
[2018-04-10 18:22:54.082] [INFO] logs - request-get-url: http://apitest.zhib.net/util/locating/rcd?timespan=f9bd4a63ec4e630d2cfcbd9064214a49&raid=65d20dde8abed6de78070b14b37c78d3&dba=ad5ab006f9358a6d4a8fc71950c7d498d6027b33bd70f3f3f25567a6e96b5200****33ms
[2018-04-10 18:25:56.935] [INFO] logs - request-get-url: http://apitest.zhib.net/util/locating/rcd?timespan=0d857318588fd0931ce0cef59c0a34cd&raid=21397f7449b0a3b3ef2f2c1366cee41a&dba=ad5ab006f9358a6d4a8fc71950c7d498d6027b33bd70f3f3f25567a6e96b5200****75ms
[2018-04-10 18:27:38.255] [INFO] logs - request-get-url: http://apitest.zhib.net/util/locating/rcd?timespan=2da2619b46dd0e4a0f537b3a11676938&raid=c04794f65ed1382a3dd023fbc978196d&dba=ad5ab006f9358a6d4a8fc71950c7d498d6027b33bd70f3f3f25567a6e96b5200****71ms
[2018-04-10 18:27:40.789] [INFO] logs - request-get-url: http://apitest.zhib.net/util/locating/rcd?timespan=8ac19269300ffeb9199dabeab2596824&raid=9eb245b014da54521f310efa42415575&dba=ad5ab006f9358a6d4a8fc71950c7d498d6027b33bd70f3f3f25567a6e96b5200****30ms
[2018-04-10 18:27:44.782] [INFO] logs - request-get-url: http://apitest.zhib.net/util/locating?timespan=38990dccf9c5a175634b892f20726ec3&raid=7ad62d23a5d4d51ada9a37cccd2f081f&dba=1bb4837e999155791d67368652091b0606357ea5d8999b0f1da915caeba424707b15f2ace1855176434a599d28681c0d****31ms
[2018-04-10 18:31:44.504] [INFO] logs - request-get-url: http://apitest.zhib.net/util/locating/rcd?timespan=60f433d3464bc0b3450234f191dced02&raid=5109dfecbc2665664f1d144448c240de&dba=ad5ab006f9358a6d4a8fc71950c7d498d6027b33bd70f3f3f25567a6e96b5200****114ms
[2018-04-10 18:31:46.542] [INFO] logs - request-get-url: http://apitest.zhib.net/util/locating/rcd?timespan=13d004c37771ae43f7b4049f22505f43&raid=7d46a6e7613d0aed685f1c2dec67adf9&dba=ad5ab006f9358a6d4a8fc71950c7d498d6027b33bd70f3f3f25567a6e96b5200****36ms
[2018-04-10 18:31:49.043] [INFO] logs - request-get-url: http://apitest.zhib.net/util/locating/rcd?timespan=12634d6e2b9002623aa80828df9289e1&raid=26cfd6b392877b4500111372106b42b5&dba=ad5ab006f9358a6d4a8fc71950c7d498d6027b33bd70f3f3f25567a6e96b5200****44ms
[2018-04-10 18:31:54.563] [INFO] logs - request-get-url: http://apitest.zhib.net/util/locating?timespan=075f31856fbae325d88bdd64549bfd4a&raid=c7dc2343411398bf329d198bf9cdb1a4&dba=a65a14ce64aecd2c40ec8f719023510e2c9f00d8bd4731b4e6e128c0804e1d7f****25ms
[2018-04-10 18:32:03.821] [INFO] logs - request-get-url: http://apitest.zhib.net/util/locating?timespan=95b81702eecdf408efa13ffadb093f49&raid=a3b42f6fd09b3459b07cc4b649aa51cc&dba=a65a14ce64aecd2c40ec8f719023510e347e38e9e5f4ecb1fa01656bc4708b56****31ms
[2018-04-10 18:32:43.099] [INFO] logs - request-get-url: http://apitest.zhib.net/util/locating/rcd?timespan=b184b3c1741ea0ed93104eea1fd0d4ff&raid=fa3aec5acc910285f8e05af24e6e6892&dba=ad5ab006f9358a6d4a8fc71950c7d498d6027b33bd70f3f3f25567a6e96b5200****31ms
[2018-04-10 18:32:54.642] [INFO] logs - request-get-url: http://apitest.zhib.net/util/locating/rcd?timespan=ca86471f63e2d3d156fc25d2ef40e6a4&raid=3c492be562b3873fc7d33bf938051393&dba=ad5ab006f9358a6d4a8fc71950c7d498d6027b33bd70f3f3f25567a6e96b5200****43ms
[2018-04-10 18:33:45.272] [INFO] logs - request-get-url: http://apitest.zhib.net/util/locating/rcd?timespan=66c20c11c2d21f938b4d0bbd0d915f0b&raid=6b02b75439f2cefdcf3cec982c2a66f1&dba=ad5ab006f9358a6d4a8fc71950c7d498d6027b33bd70f3f3f25567a6e96b5200****46ms
[2018-04-10 18:33:46.118] [INFO] logs - request-get-url: http://apitest.zhib.net/util/locating/rcd?timespan=e8d8872f2cf7b46b0475607e293082f5&raid=0c2ea4b49c5ef7a45c680f63e8b22a88&dba=ad5ab006f9358a6d4a8fc71950c7d498d6027b33bd70f3f3f25567a6e96b5200****34ms
[2018-04-10 18:33:48.396] [INFO] logs - request-get-url: http://apitest.zhib.net/util/locating/rcd?timespan=bf970c8504a4b0dad2f4586bed8d5585&raid=4ab24a9a6d1fe8276ed5d34cfb600590&dba=ad5ab006f9358a6d4a8fc71950c7d498d6027b33bd70f3f3f25567a6e96b5200****34ms
[2018-04-10 18:33:52.818] [INFO] logs - request-get-url: http://apitest.zhib.net/util/locating/rcd?timespan=b4ef0f29fb2b7cd41f2169d35378580b&raid=262fae366011776d03869445a9bd5146&dba=ad5ab006f9358a6d4a8fc71950c7d498d6027b33bd70f3f3f25567a6e96b5200****41ms
[2018-04-10 18:33:58.777] [INFO] logs - request-get-url: http://apitest.zhib.net/util/locating/rcd?timespan=a7f5a178204c77efd6f7f4121cf29e6e&raid=670004e5d12b2b80d70929871b73ace3&dba=ad5ab006f9358a6d4a8fc71950c7d498d6027b33bd70f3f3f25567a6e96b5200****25ms
[2018-04-10 18:34:55.408] [INFO] logs - request-get-url: http://apitest.zhib.net/util/locating/rcd?timespan=191310fc23787f0ff891fd29074b31af&raid=6789ece1a761f6963a70aa74c01b9b75&dba=ad5ab006f9358a6d4a8fc71950c7d498d6027b33bd70f3f3f25567a6e96b5200****103ms
[2018-04-10 18:34:57.892] [INFO] logs - request-get-url: http://apitest.zhib.net/util/locating/rcd?timespan=4401095ccf751e4d23e5c3ec5d134f6b&raid=97970d4ef25d334e2a2117e59216723b&dba=ad5ab006f9358a6d4a8fc71950c7d498d6027b33bd70f3f3f25567a6e96b5200****31ms
[2018-04-10 18:34:59.414] [INFO] logs - request-get-url: http://apitest.zhib.net/util/locating/rcd?timespan=26abac49948448ee1b48509a06ad117a&raid=6af6026e45cf046c1b771939246315d8&dba=ad5ab006f9358a6d4a8fc71950c7d498d6027b33bd70f3f3f25567a6e96b5200****77ms
[2018-04-10 18:35:02.369] [INFO] logs - request-get-url: http://apitest.zhib.net/util/locating/rcd?timespan=dcd8ea5c380ce33968797c3722b9f0f3&raid=186bd9fa16a2282b0b9f36e5e1d76673&dba=ad5ab006f9358a6d4a8fc71950c7d498d6027b33bd70f3f3f25567a6e96b5200****36ms
[2018-04-10 18:35:05.462] [INFO] logs - request-get-url: http://apitest.zhib.net/util/locating?timespan=0712ea2524b3bd351d53301a4e7051bb&raid=f6734ef3aab28690b312a642fbc89143&dba=a65a14ce64aecd2c40ec8f719023510ee008f6f1a5e0ae2a8ccac32f85c8ae65****31ms
[2018-04-10 18:35:10.778] [INFO] logs - request-get-url: http://apitest.zhib.net/util/locating?timespan=c298e60a91a9781e1bfff8813b2d5c06&raid=cc2d171cc352bc600a905c8da4073b85&dba=a65a14ce64aecd2c40ec8f719023510ef07d7f9737b982912ae97371907a413f****29ms
[2018-04-10 18:35:14.526] [INFO] logs - request-get-url: http://apitest.zhib.net/util/locating?timespan=3c63a0b874b992b1e6985b61f5daba82&raid=d306bf5e351d3c30197345cbcf05d4bf&dba=a65a14ce64aecd2c40ec8f719023510ef07d7f9737b982912ae97371907a413f****24ms
[2018-04-10 18:38:00.058] [INFO] logs - request-get-url: http://apitest.zhib.net/util/locating/rcd?timespan=a6d3391e458e42c9e5cfd13aebf5f862&raid=a7e831223ddbb031d309a1287348f3eb&dba=ad5ab006f9358a6d4a8fc71950c7d498d6027b33bd70f3f3f25567a6e96b5200****58ms
[2018-04-10 18:38:02.329] [INFO] logs - request-get-url: http://apitest.zhib.net/util/locating/rcd?timespan=2fbb279ebd6722ddaa4da76509620ba5&raid=cfcd7b9b00b38bfd1cb0de828f3408ee&dba=ad5ab006f9358a6d4a8fc71950c7d498d6027b33bd70f3f3f25567a6e96b5200****31ms
[2018-04-10 18:38:05.884] [INFO] logs - request-get-url: http://apitest.zhib.net/util/locating/rcd?timespan=985f613f899768a9c16b2ea95a6cf3f9&raid=32bb7c998cd2644e5faf1e8e7c2b1cd7&dba=ad5ab006f9358a6d4a8fc71950c7d498d6027b33bd70f3f3f25567a6e96b5200****27ms
[2018-04-10 18:38:11.077] [INFO] logs - request-get-url: http://apitest.zhib.net/util/locating?timespan=9a26e9bf881e07ca66c11cd727539762&raid=50d891530b08ff7763145c8206dbca75&dba=a65a14ce64aecd2c40ec8f719023510e9fbeb829b544c06f47366016c60df105****40ms
[2018-04-10 18:38:14.801] [INFO] logs - request-get-url: http://apitest.zhib.net/util/locating?timespan=6a3dc606411bd60ae38e4cbcf9e26c51&raid=6803d53b02bcb894e3e0061cfd6b5eeb&dba=a65a14ce64aecd2c40ec8f719023510ed91d60e7a7fddb85e0f7b510cf4cca33****46ms
[2018-04-10 18:39:43.646] [INFO] logs - request-get-url: http://apitest.zhib.net/util/locating/rcd?timespan=0c5a3ea6f8f98c4ead05ae81fe1f69b3&raid=f81081a4d6f9dd946c167abf71d0d119&dba=ad5ab006f9358a6d4a8fc71950c7d498d6027b33bd70f3f3f25567a6e96b5200****51ms
[2018-04-10 18:41:18.062] [INFO] logs - request-get-url: http://apitest.zhib.net/util/locating/rcd?timespan=1e67b605c7f260a5cd97cce49825fb1f&raid=947ca2d6573a1ed54d61893ae7d4d0bb&dba=ad5ab006f9358a6d4a8fc71950c7d498d6027b33bd70f3f3f25567a6e96b5200****25ms
[2018-04-10 18:41:21.780] [INFO] logs - request-get-url: http://apitest.zhib.net/util/locating/rcd?timespan=7248ef75409e4fa8b7bb39ecdef4682c&raid=228e09c9331740b76cd50df228cda1ba&dba=ad5ab006f9358a6d4a8fc71950c7d498d6027b33bd70f3f3f25567a6e96b5200****36ms
[2018-04-10 18:41:22.856] [INFO] logs - request-get-url: http://apitest.zhib.net/util/locating/rcd?timespan=a156c46cbd6da6d935a435be01fa56a4&raid=2242eb44aedfab7cc7386b82bb7393e9&dba=ad5ab006f9358a6d4a8fc71950c7d498d6027b33bd70f3f3f25567a6e96b5200****27ms
[2018-04-10 18:41:25.450] [INFO] logs - request-get-url: http://apitest.zhib.net/util/locating?timespan=e7a480eec60325e98aef78e82482e229&raid=40a4e1b6a5d98bc261dc01b21896529a&dba=a65a14ce64aecd2c40ec8f719023510ee008f6f1a5e0ae2a8ccac32f85c8ae65****31ms
[2018-04-10 18:41:30.901] [INFO] logs - request-get-url: http://apitest.zhib.net/util/locating?timespan=0bb9a682fe1031c55e4696938e830e5b&raid=8ce1e9a94174cc37edbe6a799a536229&dba=a65a14ce64aecd2c40ec8f719023510ee94cd4cf4475fbe4b1fecba88ab91e66****27ms
[2018-04-10 18:41:36.217] [INFO] logs - request-get-url: http://apitest.zhib.net/util/locating?timespan=28ffb6352eb4935cf4f35b7c7ed8c21e&raid=05a6595995d1b3a672a6963d0e0ae4ec&dba=a65a14ce64aecd2c40ec8f719023510ed91d60e7a7fddb85e0f7b510cf4cca33****24ms
[2018-04-10 18:44:34.791] [INFO] logs - request-get-url: http://apitest.zhib.net/util/locating/rcd?timespan=e1989089302b787afa22c64052862025&raid=b7d49fb7b6912ea11744c1214f9f489c&dba=ad5ab006f9358a6d4a8fc71950c7d498d6027b33bd70f3f3f25567a6e96b5200****66ms
[2018-04-10 18:44:54.945] [INFO] logs - request-get-url: http://apitest.zhib.net/util/locating/rcd?timespan=9ffe4b926d046ded26f240750569191d&raid=e8de942541ab7e20d527810de9f4e766&dba=ad5ab006f9358a6d4a8fc71950c7d498d6027b33bd70f3f3f25567a6e96b5200****44ms
[2018-04-10 18:45:12.352] [INFO] logs - request-get-url: http://apitest.zhib.net/util/locating?timespan=4778f84f3df61ccea99b4f5fa35a025e&raid=a7437497792111abefc1fd7b7cb9346a&dba=a65a14ce64aecd2c40ec8f719023510ed91d60e7a7fddb85e0f7b510cf4cca33****32ms
[2018-04-10 18:45:16.857] [INFO] logs - request-get-url: http://apitest.zhib.net/util/locating?timespan=60b1d157fbc103ef54786bec91ef3998&raid=4e0d4de923b89008f28a1bdc38b81a8f&dba=a65a14ce64aecd2c40ec8f719023510e2b3adbca32f52a9c9b0cd5660b8f3c5c620c422399946e5b2a92b5d976d54732****37ms
[2018-04-10 18:45:24.866] [INFO] logs - request-get-url: http://apitest.zhib.net/util/locating?timespan=ac657f0a744942a04ff67e093f5705d9&raid=5b8ef54799d8d5ebceab5af575ef8fa8&dba=a65a14ce64aecd2c40ec8f719023510e71fcf68b7c7f673f636820f5f1371ba40626f2d3dcb40094477b39e015153111****40ms
[2018-04-10 18:45:25.063] [INFO] logs - request-get-url: http://apitest.zhib.net/util/locating?timespan=022c09f4e8f3eb692fb39951dee704fd&raid=090593c9ca99b995552e6f00ea413f31&dba=a65a14ce64aecd2c40ec8f719023510e71fcf68b7c7f673f636820f5f1371ba40626f2d3dcb40094477b39e015153111****28ms
[2018-04-10 18:45:27.695] [INFO] logs - request-get-url: http://apitest.zhib.net/util/locating?timespan=73b14b034e40380e1fde925bee50ae48&raid=583321e214bca5c9176dcd5aa87cbca0&dba=a65a14ce64aecd2c40ec8f719023510e2b3adbca32f52a9c9b0cd5660b8f3c5c0626f2d3dcb40094477b39e015153111****29ms
[2018-04-10 18:45:30.810] [INFO] logs - request-get-url: http://apitest.zhib.net/util/locating?timespan=a7e96f54a43b68681d07036df5ebc11f&raid=24aaf495278e07678016b883a8ed0f07&dba=a65a14ce64aecd2c40ec8f719023510e8bb561b4e3997e59635224eb86a01de0008f5bd3b8e1274bc4cb5c04da7f0cdc****30ms
[2018-04-10 18:45:34.052] [INFO] logs - request-get-url: http://apitest.zhib.net/util/locating?timespan=4afcfa7c01f2a68d003c55f1da151eb6&raid=bb2aab1f7da906cceb28dfebedaa40fb&dba=a65a14ce64aecd2c40ec8f719023510e347e38e9e5f4ecb1fa01656bc4708b56****32ms
[2018-04-10 18:45:39.339] [INFO] logs - request-get-url: http://apitest.zhib.net/util/locating?timespan=944f0e9f50b1bc1b6b1f158742549764&raid=e6177b8df1d5675b1bfd6f648b75dc9e&dba=a65a14ce64aecd2c40ec8f719023510e4dab72d3ed61838b4cb89d6e56139245b0cd51e292fc79bc0caa19fc32bf6996****25ms
[2018-04-10 18:46:28.330] [INFO] logs - request-get-url: http://apitest.zhib.net/util/locating/rcd?timespan=0586478f8401167cb9acbe2d78f84da0&raid=dd67f8519d1bac7e647d12279a00e207&dba=ad5ab006f9358a6d4a8fc71950c7d498d6027b33bd70f3f3f25567a6e96b5200****49ms
[2018-04-10 18:47:39.067] [INFO] logs - request-get-url: http://apitest.zhib.net/util/locating?timespan=109aa72c3c01d25cd2f1a9e247524460&raid=9a78d07e8e51cc464ebf83cd88ea1b18&dba=a65a14ce64aecd2c40ec8f719023510ee09ada86b1a68656099be1e92a5e6e5b0626f2d3dcb40094477b39e015153111****29ms
[2018-04-10 18:47:50.846] [INFO] logs - request-get-url: http://apitest.zhib.net/util/locating/rcd?timespan=e27d5c7ba245c1750d113201d6a16848&raid=7ea750f400711f8726f7ae7577ea222a&dba=ad5ab006f9358a6d4a8fc71950c7d498d6027b33bd70f3f3f25567a6e96b5200****31ms
[2018-04-10 18:48:52.107] [INFO] logs - request-get-url: http://apitest.zhib.net/util/locating/rcd?timespan=8ee3394b8b166f47d50e27e2bf67c80f&raid=e92a04610eb25e9ce250fa87f448781d&dba=ad5ab006f9358a6d4a8fc71950c7d498d6027b33bd70f3f3f25567a6e96b5200****59ms
[2018-04-10 18:48:55.376] [INFO] logs - request-get-url: http://apitest.zhib.net/util/locating/rcd?timespan=504dff70c38f7994cda71a97c09e5b48&raid=c51477edd58684c28d08116ab9acf7ea&dba=ad5ab006f9358a6d4a8fc71950c7d498d6027b33bd70f3f3f25567a6e96b5200****58ms
[2018-04-10 18:55:01.614] [INFO] logs - request-get-url: http://apitest.zhib.net/util/locating/rcd?timespan=6391f1eaa5381afdb54c8d62be29f015&raid=e4d6ced9516d3b467861ff0f3f08d751&dba=ad5ab006f9358a6d4a8fc71950c7d498d6027b33bd70f3f3f25567a6e96b5200****39ms
[2018-04-10 18:55:13.034] [INFO] logs - request-get-url: http://apitest.zhib.net/util/locating/rcd?timespan=b6b59db03ec03958046e022da1769abf&raid=d82b6344a0c7874d75659265393d97df&dba=ad5ab006f9358a6d4a8fc71950c7d498d6027b33bd70f3f3f25567a6e96b5200****63ms
[2018-04-10 19:20:24.445] [INFO] logs - request-get-url: http://apitest.zhib.net/util/locating/rcd?timespan=6273d960dd9e76e6cef90b9adf27a421&raid=6281947dedc428ebe5712113ec5fdb1d&dba=ad5ab006f9358a6d4a8fc71950c7d498d6027b33bd70f3f3f25567a6e96b5200****76ms
[2018-04-10 19:20:39.523] [INFO] logs - request-get-url: http://apitest.zhib.net/util/locating?timespan=fb31fefb6a37c96a84f53aec5c1e7b69&raid=b512c6846f4cad31542178630d281767&dba=a65a14ce64aecd2c40ec8f719023510e98a23dac80fd1acc3950101d682465260626f2d3dcb40094477b39e015153111****35ms
[2018-04-10 19:20:46.473] [INFO] logs - request-get-url: http://apitest.zhib.net/util/locating/rcd?timespan=cff135bfcd36c70be8833e6b3adb500c&raid=89e65b0054a560039902b63fea079563&dba=ad5ab006f9358a6d4a8fc71950c7d498d6027b33bd70f3f3f25567a6e96b5200****36ms
[2018-04-10 19:21:37.142] [INFO] logs - request-get-url: http://apitest.zhib.net/util/locating/rcd?timespan=b3f6b8954789f0dfe02ba167efaf032c&raid=898a6023a0304d19067a06bdd2d89a31&dba=ad5ab006f9358a6d4a8fc71950c7d498d6027b33bd70f3f3f25567a6e96b5200****43ms
[2018-04-10 19:22:52.663] [INFO] logs - request-get-url: http://apitest.zhib.net/util/locating/rcd?timespan=758f4e2cf472139c7e701e7a136cd51a&raid=b754f460664489b7f22158b525fbaf90&dba=ad5ab006f9358a6d4a8fc71950c7d498d6027b33bd70f3f3f25567a6e96b5200****32ms
[2018-04-10 19:39:17.188] [INFO] logs - request-get-url: http://apitest.zhib.net/util/locating/rcd?timespan=2194da6a1e303c58c9f0cb5fda575e72&raid=9c21bf6c83f4c04f664a16964c4833cf&dba=ad5ab006f9358a6d4a8fc71950c7d498d6027b33bd70f3f3f25567a6e96b5200****72ms
[2018-04-10 19:39:29.895] [INFO] logs - request-get-url: http://apitest.zhib.net/util/locating/rcd?timespan=c8e5a507ce726841203b45f550d3c01e&raid=76945f2e6ea0b8d61ccb8e4fd5c80807&dba=ad5ab006f9358a6d4a8fc71950c7d498d6027b33bd70f3f3f25567a6e96b5200****41ms
[2018-04-10 19:39:38.545] [INFO] logs - request-get-url: http://apitest.zhib.net/util/locating?timespan=363b0a8391ffc8e4a87a470b7bd46090&raid=8193826961361088adab7bd2abe9deda&dba=a65a14ce64aecd2c40ec8f719023510e43dec89979cf27e51084599029f3944f****31ms
[2018-04-10 19:53:17.549] [INFO] logs - request-get-url: http://apitest.zhib.net/util/ru/rcd?timespan=38f3aa3e6f116fa7b9be237e3ee858f7&raid=fb13ce59531ecf73731dab42e5642bf7&dba=f1be4539947a38ef3884773b8d6832127265db9594759ef1c043b13d6b77472eb7781230a4d3858d0585c97279ab9fbd****86ms
[2018-04-10 19:53:17.681] [ERROR] logs - request-get-url-error: Error: Forbidden ,status: 403 ,url:http://apitest.zhib.net/util/ru/rcd****217ms
[2018-04-10 19:53:22.222] [INFO] logs - request-get-url: http://apitest.zhib.net/util/ru/rcd?timespan=77287e46586b67b7577ffe71aac9add5&raid=cf5bba5f5176e1252bd61c35a2d7094f&dba=f1be4539947a38ef3884773b8d6832127265db9594759ef1c043b13d6b77472eb7781230a4d3858d0585c97279ab9fbd****32ms
[2018-04-10 19:53:22.227] [ERROR] logs - request-get-url-error: Error: Forbidden ,status: 403 ,url:http://apitest.zhib.net/util/ru/rcd****38ms
[2018-04-10 19:54:36.804] [INFO] logs - request-get-url: http://apitest.zhib.net/util/ru/rcd?timespan=979ed0bc057389d70d5b6d2cc88ff2d6&raid=87740e2f9e64470706a572e08b3648b0&dba=d48a1f9ad1c9b94322b2c43a09a2dc290128618d841586249c4bd167fb1c3cc4b399a7ce2fa252066bb0f5552d461201****58ms
[2018-04-10 19:54:36.811] [ERROR] logs - request-get-url-error: Error: Forbidden ,status: 403 ,url:http://apitest.zhib.net/util/ru/rcd****65ms
[2018-04-10 19:56:04.870] [INFO] logs - request-get-url: http://apitest.zhib.net/util/ru/rcd?timespan=f5640c141942329d1adc3d44e51e9e89&raid=b5d7942dcfca38a3a1b6b3408fb2b23c&dba=d48a1f9ad1c9b94322b2c43a09a2dc290128618d841586249c4bd167fb1c3cc4b399a7ce2fa252066bb0f5552d461201****62ms
[2018-04-10 19:56:04.908] [ERROR] logs - request-get-url-error: Error: Forbidden ,status: 403 ,url:http://apitest.zhib.net/util/ru/rcd****99ms
[2018-04-10 19:56:07.556] [INFO] logs - request-get-url: http://apitest.zhib.net/util/ru/rcd?timespan=61a8c0e5e89fd1d7cf1ccb09822b9142&raid=f28a565c78c6dde5adb40db2fe229752&dba=d48a1f9ad1c9b94322b2c43a09a2dc290128618d841586249c4bd167fb1c3cc4b399a7ce2fa252066bb0f5552d461201****56ms
[2018-04-10 19:56:07.562] [ERROR] logs - request-get-url-error: Error: Forbidden ,status: 403 ,url:http://apitest.zhib.net/util/ru/rcd****62ms
[2018-04-10 19:57:13.053] [INFO] logs - request-get-url: http://apitest.zhib.net/util/ru/rcd?timespan=2105c3bbf543ff6c90fdc8d1a8910287&raid=1b9340ef153437c614605bba93989cbe&dba=d48a1f9ad1c9b94322b2c43a09a2dc290128618d841586249c4bd167fb1c3cc4b399a7ce2fa252066bb0f5552d461201****30ms
[2018-04-10 19:57:13.060] [ERROR] logs - request-get-url-error: Error: Forbidden ,status: 403 ,url:http://apitest.zhib.net/util/ru/rcd****37ms
[2018-04-10 19:57:55.980] [INFO] logs - request-get-url: http://apitest.zhib.net/util/ru/rcd?timespan=df108a164091b2507250d75404bbc997&raid=2b000e47436f4f9f421430c64c7b395a&dba=d48a1f9ad1c9b94322b2c43a09a2dc290128618d841586249c4bd167fb1c3cc4b399a7ce2fa252066bb0f5552d461201****33ms
[2018-04-10 19:57:55.987] [ERROR] logs - request-get-url-error: Error: Forbidden ,status: 403 ,url:http://apitest.zhib.net/util/ru/rcd****40ms
[2018-04-10 19:58:02.944] [INFO] logs - request-get-url: http://apitest.zhib.net/util/ru/rcd?timespan=ccb690fceac7381cc9432cce9f15e194&raid=b8cf2cdfef4684da3fe7b5908eef956c&dba=d48a1f9ad1c9b94322b2c43a09a2dc290128618d841586249c4bd167fb1c3cc4b399a7ce2fa252066bb0f5552d461201****52ms
[2018-04-10 19:58:02.949] [ERROR] logs - request-get-url-error: Error: Forbidden ,status: 403 ,url:http://apitest.zhib.net/util/ru/rcd****58ms
[2018-04-10 20:00:03.033] [INFO] logs - request-get-url: http://apitest.zhib.net/util/ru/rcd?timespan=0ab638ff7bfde9cd0c83e9425513ed6c&raid=fe6e34ecf7c021c9a0d6e926354eed8f&dba=d48a1f9ad1c9b94322b2c43a09a2dc290128618d841586249c4bd167fb1c3cc4b399a7ce2fa252066bb0f5552d461201****30ms
[2018-04-10 20:00:03.038] [ERROR] logs - request-get-url-error: Error: Forbidden ,status: 403 ,url:http://apitest.zhib.net/util/ru/rcd****35ms
[2018-04-10 20:04:21.990] [INFO] logs - request-get-url: http://apitest.zhib.net/util/ru/rcd?timespan=e89a918c6fbfe14d5d88096b4908e745&raid=90003cedd4ed32887324e73ab9029ea8&dba=bbc9c67ce3cc4aedc88aeacaf62dc87693c45bedd35c7bc2e91eda965cd455a8a972727d2694a9eb35b72845e30a3987****127ms
[2018-04-10 20:04:22.040] [ERROR] logs - request-get-url-error: Error: Internal Server Error ,status: 500 ,url:http://apitest.zhib.net/util/ru/rcd****177ms
[2018-04-10 20:06:37.129] [INFO] logs - request-get-url: http://apitest.zhib.net/util/ru/rcd?timespan=8c1fce4cfc45191dabefdf14f9293b1a&raid=86fc86445b35384ba7a6f13a52a62d3e&dba=bbc9c67ce3cc4aedc88aeacaf62dc87693c45bedd35c7bc2e91eda965cd455a8a972727d2694a9eb35b72845e30a3987****107ms
[2018-04-10 20:06:37.190] [ERROR] logs - request-get-url-error: Error: Internal Server Error ,status: 500 ,url:http://apitest.zhib.net/util/ru/rcd****168ms
[2018-04-10 20:10:09.424] [INFO] logs - request-get-url: http://apitest.zhib.net/util/ru/rcd?timespan=0a876dc4fbfe9c82aaa3b070ae4c5f3e&raid=d683c7877c43778e0b93e2ed122b7e5b&dba=bbc9c67ce3cc4aedc88aeacaf62dc87693c45bedd35c7bc2e91eda965cd455a8a972727d2694a9eb35b72845e30a3987****173ms
[2018-04-10 20:10:09.477] [ERROR] logs - request-get-url-error: Error: Internal Server Error ,status: 500 ,url:http://apitest.zhib.net/util/ru/rcd****226ms
[2018-04-10 20:12:09.421] [INFO] logs - request-get-url: http://apitest.zhib.net/util/ru/rcd?timespan=4828af50b75c2e39ecb5f1de86056f60&raid=eae615214547a5bde542bd9b336e05a8&dba=bbc9c67ce3cc4aedc88aeacaf62dc87693c45bedd35c7bc2e91eda965cd455a8a972727d2694a9eb35b72845e30a3987****75ms
[2018-04-10 20:12:09.424] [ERROR] logs - request-get-url-error: Error: Internal Server Error ,status: 500 ,url:http://apitest.zhib.net/util/ru/rcd****78ms
[2018-04-10 20:20:31.330] [INFO] logs - request-get-url: http://apitest.zhib.net/util/locating/rcd?timespan=f76c39ae4591709664a06575cdf57800&raid=d2b209ddaf594496f200db78e6a74625&dba=ad5ab006f9358a6d4a8fc71950c7d498d6027b33bd70f3f3f25567a6e96b5200****85ms
[2018-04-10 20:20:39.082] [INFO] logs - request-get-url: http://apitest.zhib.net/util/locating?timespan=7e9617691cfd808001203a0beddbcf4c&raid=667850e5801a57fa6cdd961718ca27a9&dba=a65a14ce64aecd2c40ec8f719023510e33d3cd6a504e18c48398db1eaebeff2976da0b8816b5d6c68853bd0285996c67****25ms
[2018-04-10 20:23:37.282] [INFO] logs - request-get-url: http://apitest.zhib.net/util/locating/rcd?timespan=185e53b7e73946ae7a627f9101718ea9&raid=77ee629724ad2055e7f1315805e8c1c5&dba=ad5ab006f9358a6d4a8fc71950c7d498d6027b33bd70f3f3f25567a6e96b5200****39ms
[2018-04-10 20:23:38.952] [INFO] logs - request-get-url: http://apitest.zhib.net/util/locating/rcd?timespan=4aeb2cdb82d2ce6fdcc02fa670ff2532&raid=7e84f7055a1a420eed447e365ba2c15f&dba=ad5ab006f9358a6d4a8fc71950c7d498d6027b33bd70f3f3f25567a6e96b5200****29ms
[2018-04-10 20:23:40.886] [INFO] logs - request-get-url: http://apitest.zhib.net/util/locating?timespan=6f5d1a23cc57cb6840ca43961a9330d3&raid=04200a830961ce0dfdd740984fff0370&dba=a65a14ce64aecd2c40ec8f719023510e1f12a04a8c0bc5e7f37f28e567c0106f0626f2d3dcb40094477b39e015153111****25ms
[2018-04-10 20:23:47.344] [INFO] logs - request-get-url: http://apitest.zhib.net/util/locating?timespan=1359d8b5704e9eca0f83eba7c6229ca8&raid=34484b62526d9ccc28ad2e5a6db802df&dba=a65a14ce64aecd2c40ec8f719023510e6f1dd2742b45286cddb3ab2576e4814bd9df95e91c372850473474464f1a19e9****27ms
[2018-04-10 20:28:25.148] [INFO] logs - request-get-url: http://apitest.zhib.net/util/locating?timespan=08d2a97b0bba22d6bab3929118aa42f5&raid=4e8dce644f468cb3fe5e7cec8cb38302&dba=a65a14ce64aecd2c40ec8f719023510e4abcc3e5fc9c871fa4f0aafb5c3d7ad4e9eb424596e19e36a73cb8c8fe3d4f57****31ms
[2018-04-10 20:28:47.528] [INFO] logs - request-get-url: http://apitest.zhib.net/util/locating/rcd?timespan=4da271865110a52610fb7b557a1301da&raid=a066781419981acef1e59ef909581b69&dba=ad5ab006f9358a6d4a8fc71950c7d498d6027b33bd70f3f3f25567a6e96b5200****46ms
[2018-04-10 20:28:49.004] [INFO] logs - request-get-url: http://apitest.zhib.net/util/locating/rcd?timespan=0eff662ede5f5eff2072642ec3a65382&raid=e1fd1221017f15f08b37cd9d37689a04&dba=ad5ab006f9358a6d4a8fc71950c7d498d6027b33bd70f3f3f25567a6e96b5200****51ms
[2018-04-10 20:28:49.762] [INFO] logs - request-get-url: http://apitest.zhib.net/util/locating/rcd?timespan=e866193a31251383276df9fd5be354ed&raid=f2de4578c3d63914c1cd975e593a1419&dba=ad5ab006f9358a6d4a8fc71950c7d498d6027b33bd70f3f3f25567a6e96b5200****41ms
[2018-04-10 20:28:52.732] [INFO] logs - request-get-url: http://apitest.zhib.net/util/locating?timespan=c7ea39e0a17a218c7b27811e15770cd0&raid=af462606a5cc1d0b0403a70cc1370696&dba=a65a14ce64aecd2c40ec8f719023510e1f12a04a8c0bc5e7f37f28e567c0106f620c422399946e5b2a92b5d976d54732****29ms
[2018-04-10 20:29:53.094] [INFO] logs - request-get-url: http://apitest.zhib.net/util/locating/rcd?timespan=0595bb04fce3bc9aae9f774fc2a75549&raid=a27333fb985f76184b8692540bed55e7&dba=ad5ab006f9358a6d4a8fc71950c7d498d6027b33bd70f3f3f25567a6e96b5200****52ms
[2018-04-10 20:29:56.065] [INFO] logs - request-get-url: http://apitest.zhib.net/util/locating/rcd?timespan=b00375415c7b24107047868fa1eeb616&raid=6675a39ea37db19b970e5631c3d1f572&dba=ad5ab006f9358a6d4a8fc71950c7d498d6027b33bd70f3f3f25567a6e96b5200****32ms
[2018-04-10 20:29:58.021] [INFO] logs - request-get-url: http://apitest.zhib.net/util/locating?timespan=113c066070996d29e41794d4b16e6513&raid=c63b6637143da64b66937f88ece5690d&dba=a65a14ce64aecd2c40ec8f719023510e1f12a04a8c0bc5e7f37f28e567c0106fb0cd51e292fc79bc0caa19fc32bf6996****27ms
[2018-04-10 20:30:45.249] [INFO] logs - request-get-url: http://apitest.zhib.net/util/locating/rcd?timespan=eb1f0ee178ee00daeb7b743be86f6940&raid=02891efa27af502a0486720e3c131136&dba=ad5ab006f9358a6d4a8fc71950c7d498d6027b33bd70f3f3f25567a6e96b5200****35ms
[2018-04-10 20:30:47.883] [INFO] logs - request-get-url: http://apitest.zhib.net/util/locating/rcd?timespan=5e5366c49cf3e99d3cd8e813d0e2dce3&raid=22285c5c83a64a09949b14aee9e9908a&dba=ad5ab006f9358a6d4a8fc71950c7d498d6027b33bd70f3f3f25567a6e96b5200****28ms
[2018-04-10 20:30:52.659] [INFO] logs - request-get-url: http://apitest.zhib.net/util/locating?timespan=888536795a3ef7c0e3a8b83b63710b70&raid=081ef934f88a45280f3e58d4bf78aa6b&dba=a65a14ce64aecd2c40ec8f719023510ed91d60e7a7fddb85e0f7b510cf4cca33****24ms
[2018-04-10 20:30:59.015] [INFO] logs - request-get-url: http://apitest.zhib.net/util/locating?timespan=5c44174cc34149a421099592e6ec27c7&raid=9638fdfcdccfb4087fee920845def017&dba=a65a14ce64aecd2c40ec8f719023510e196507d50c2eaaaac122872096a04c950626f2d3dcb40094477b39e015153111****28ms
[2018-04-10 20:30:59.405] [INFO] logs - request-get-url: http://apitest.zhib.net/util/locating?timespan=67b166eda243be121483ddd6a02d161c&raid=91320561586ff7348df15a18f9820989&dba=a65a14ce64aecd2c40ec8f719023510e196507d50c2eaaaac122872096a04c950626f2d3dcb40094477b39e015153111****27ms
[2018-04-10 20:31:00.963] [INFO] logs - request-get-url: http://apitest.zhib.net/util/locating?timespan=a0b33b4606ce83fef1e3b4f9e3f6519e&raid=05df6b0856e89850832449b3003ff114&dba=a65a14ce64aecd2c40ec8f719023510e196507d50c2eaaaac122872096a04c950626f2d3dcb40094477b39e015153111****23ms
[2018-04-10 20:31:05.372] [INFO] logs - request-get-url: http://apitest.zhib.net/util/locating?timespan=25a99ec44187b118b837a64c975ebd1f&raid=7b780da133a885a649b7c863166033dc&dba=a65a14ce64aecd2c40ec8f719023510e27a6e5ebc246fec7249252493b21cc34****32ms
[2018-04-10 20:32:18.067] [INFO] logs - request-get-url: http://apitest.zhib.net/util/locating/rcd?timespan=2369fdc6f32fd301dd856e518428e2d4&raid=f12d945231ab5c39c6216431d7b4fa4f&dba=ad5ab006f9358a6d4a8fc71950c7d498d6027b33bd70f3f3f25567a6e96b5200****31ms
[2018-04-10 20:33:21.959] [INFO] logs - request-get-url: http://apitest.zhib.net/util/locating/rcd?timespan=097ebb5838ea3a4a4a4a63ebf4979a62&raid=84a837889c6e2d9ca0468a0602644ce7&dba=ad5ab006f9358a6d4a8fc71950c7d498d6027b33bd70f3f3f25567a6e96b5200****27ms
[2018-04-10 20:33:23.451] [INFO] logs - request-get-url: http://apitest.zhib.net/util/locating/rcd?timespan=a538515a6bde2263b88afcaf91129803&raid=f5d411fb22330cf91714e3784858de85&dba=ad5ab006f9358a6d4a8fc71950c7d498d6027b33bd70f3f3f25567a6e96b5200****31ms
[2018-04-10 20:33:24.789] [INFO] logs - request-get-url: http://apitest.zhib.net/util/locating?timespan=74e604213cee47c7b204cf79adca6c56&raid=6d65f38d5748c14644735d805ee0acc0&dba=a65a14ce64aecd2c40ec8f719023510e1f12a04a8c0bc5e7f37f28e567c0106fc29827c7dc5559347e79fded044130a4****28ms
[2018-04-10 20:33:29.521] [INFO] logs - request-get-url: http://apitest.zhib.net/util/locating/rcd?timespan=998cfac7af6531ad5345881aa13f2c16&raid=fb043d3373a2b24d49dda729da6ab214&dba=ad5ab006f9358a6d4a8fc71950c7d498d6027b33bd70f3f3f25567a6e96b5200****42ms
[2018-04-10 20:35:22.437] [INFO] logs - request-get-url: http://apitest.zhib.net/util/locating/rcd?timespan=e038f2ac4ddf91a714875ad4c994e657&raid=597409c15b54ff60b2538f358bbf5324&dba=ad5ab006f9358a6d4a8fc71950c7d498d6027b33bd70f3f3f25567a6e96b5200****132ms
[2018-04-10 20:35:26.434] [INFO] logs - request-get-url: http://apitest.zhib.net/util/locating/rcd?timespan=7abc0469353b6df40ce736e16f0deb3c&raid=3c71a96d6976036f016ca9cf12860185&dba=ad5ab006f9358a6d4a8fc71950c7d498d6027b33bd70f3f3f25567a6e96b5200****33ms
[2018-04-10 20:35:29.586] [INFO] logs - request-get-url: http://apitest.zhib.net/util/locating?timespan=b6e3530fb9a813443e86bd0f4235267b&raid=9d377e84f7a1a5f3b2c8b953f4407254&dba=a65a14ce64aecd2c40ec8f719023510e8da65b311dcac8bc4ce0b42f05b275d0893741be915efd02e6ff041b79809636****30ms
[2018-04-10 20:35:34.028] [INFO] logs - request-get-url: http://apitest.zhib.net/util/locating?timespan=171ac7f5ce1a77ace521f87ff8c58e2b&raid=241091471d3bf84834ed9c548a2b83b6&dba=a65a14ce64aecd2c40ec8f719023510e7875b75984440cbed1eedef5ed84913e****32ms
[2018-04-10 20:35:40.681] [INFO] logs - request-get-url: http://apitest.zhib.net/util/locating?timespan=47eca5c04420dfcf3772d338faf8cb5d&raid=40ac45bc02561848172a6dcdbab716f7&dba=a65a14ce64aecd2c40ec8f719023510e75ceb8c8fd731c906888968dab6ad5e6****24ms
[2018-04-10 20:35:41.014] [INFO] logs - request-get-url: http://apitest.zhib.net/util/locating?timespan=1e5c60b702402d79390932cdd754cc98&raid=bb69e1a4d308d50fa059b567698d1ecf&dba=a65a14ce64aecd2c40ec8f719023510e75ceb8c8fd731c906888968dab6ad5e6****26ms
[2018-04-10 20:35:41.214] [INFO] logs - request-get-url: http://apitest.zhib.net/util/locating?timespan=7854527435f731c1b4dfada0b7fca61f&raid=88eb357304307b8de77bb78e1fa2af02&dba=a65a14ce64aecd2c40ec8f719023510e75ceb8c8fd731c906888968dab6ad5e6****26ms
[2018-04-10 20:35:43.178] [INFO] logs - request-get-url: http://apitest.zhib.net/util/locating?timespan=df3d399bd7036636c9eee6f7f4c9274e&raid=4f0bfb380f9ef2970741bb9e6015f165&dba=a65a14ce64aecd2c40ec8f719023510ecd20bc482e722069e1926719682c9eb20626f2d3dcb40094477b39e015153111****26ms
[2018-04-10 20:35:43.408] [INFO] logs - request-get-url: http://apitest.zhib.net/util/locating?timespan=ca04b9d8c026740e32129f4334fbdc16&raid=47d0bcfc13a4baf8510450058de3ca82&dba=a65a14ce64aecd2c40ec8f719023510ecd20bc482e722069e1926719682c9eb20626f2d3dcb40094477b39e015153111****27ms
[2018-04-10 20:35:45.634] [INFO] logs - request-get-url: http://apitest.zhib.net/util/locating?timespan=ce54af2fab34558b2056da4d86e5fb52&raid=40820e9684c74e994b971951c9c1299d&dba=a65a14ce64aecd2c40ec8f719023510ecd20bc482e722069e1926719682c9eb20626f2d3dcb40094477b39e015153111****29ms
[2018-04-10 20:35:45.873] [INFO] logs - request-get-url: http://apitest.zhib.net/util/locating?timespan=ab2a0900cdebc920d842b6061665b089&raid=2beb05fdd9e88548eb59729652a1e2bb&dba=a65a14ce64aecd2c40ec8f719023510ecd20bc482e722069e1926719682c9eb20626f2d3dcb40094477b39e015153111****29ms
[2018-04-10 20:35:46.062] [INFO] logs - request-get-url: http://apitest.zhib.net/util/locating?timespan=ddb06541a85cc250c49e3bb53ff361ba&raid=d3da9d58ffd96f625cc26e16b9450312&dba=a65a14ce64aecd2c40ec8f719023510ecd20bc482e722069e1926719682c9eb20626f2d3dcb40094477b39e015153111****26ms
[2018-04-10 20:35:46.231] [INFO] logs - request-get-url: http://apitest.zhib.net/util/locating?timespan=295c064a4a1e3bf13650dc31783a61c3&raid=30143d3c34a1b283baf0f42b22e13b89&dba=a65a14ce64aecd2c40ec8f719023510ecd20bc482e722069e1926719682c9eb20626f2d3dcb40094477b39e015153111****27ms
[2018-04-10 20:35:51.710] [INFO] logs - request-get-url: http://apitest.zhib.net/util/locating?timespan=c6e69e668d582dac7b31838bdfe540c0&raid=4947c087acbf85fe2af6f4231e110472&dba=a65a14ce64aecd2c40ec8f719023510e7875b75984440cbed1eedef5ed84913e****24ms
[2018-04-10 20:35:54.103] [INFO] logs - request-get-url: http://apitest.zhib.net/util/locating?timespan=fe888ba55e50f1cabc9a85ef3dab6294&raid=7d3884f21f81fca1a46ce4bf9074816f&dba=a65a14ce64aecd2c40ec8f719023510e1f12a04a8c0bc5e7f37f28e567c0106f0626f2d3dcb40094477b39e015153111****35ms
[2018-04-10 20:36:00.707] [INFO] logs - request-get-url: http://apitest.zhib.net/util/locating?timespan=7a521359c3dd4e078337b9e78932b976&raid=5d5aec9141e1a5dd505deb5d05a94667&dba=a65a14ce64aecd2c40ec8f719023510ecd4db331dbda3903b20745fe97397ebb9b1e792fbe15698ebcc622c531da4aa5****25ms
[2018-04-10 20:36:03.960] [INFO] logs - request-get-url: http://apitest.zhib.net/util/locating?timespan=79de6e9f402a0c95daf535a4ec3120d1&raid=839112d98a4083b9bac97b1ffafaf629&dba=a65a14ce64aecd2c40ec8f719023510e80005bb47e1fe643b871aef22b7c73ca0626f2d3dcb40094477b39e015153111****27ms
[2018-04-10 20:37:02.288] [INFO] logs - request-get-url: http://apitest.zhib.net/util/locating/rcd?timespan=230af353cfad199a0d0f137732f757dd&raid=6e9ca62ee7f2ce1ba21a5bc51cf34a56&dba=ad5ab006f9358a6d4a8fc71950c7d498d6027b33bd70f3f3f25567a6e96b5200****35ms
[2018-04-10 20:37:04.390] [INFO] logs - request-get-url: http://apitest.zhib.net/util/locating/rcd?timespan=5aa0d0cf38b2a9b672ba305fd9b15fd9&raid=20f487f4cd64d2a8f9492ed9e4432e55&dba=ad5ab006f9358a6d4a8fc71950c7d498d6027b33bd70f3f3f25567a6e96b5200****25ms
[2018-04-10 20:37:12.028] [INFO] logs - request-get-url: http://apitest.zhib.net/util/locating/rcd?timespan=8a7904c1e70741e3901262e3981d1f86&raid=9df2b78cc9c4f898f23048a21b93ea32&dba=ad5ab006f9358a6d4a8fc71950c7d498d6027b33bd70f3f3f25567a6e96b5200****35ms
[2018-04-10 20:37:21.070] [INFO] logs - request-get-url: http://apitest.zhib.net/util/locating?timespan=f98f66ddee4f256adcc0a82c7dd95d2b&raid=74edc9cd40ad233f74459950f0b5d1f1&dba=a65a14ce64aecd2c40ec8f719023510efafffacbe963a866c4e8c8074ca1b6ef0626f2d3dcb40094477b39e015153111****32ms
[2018-04-10 20:37:24.754] [INFO] logs - request-get-url: http://apitest.zhib.net/util/locating?timespan=58e680a3f5b1304b1b764cd424b3833f&raid=f16eeaf1e42a7b459ab4a0b9a6cdeb69&dba=a65a14ce64aecd2c40ec8f719023510e1f12a04a8c0bc5e7f37f28e567c0106f0626f2d3dcb40094477b39e015153111****34ms
[2018-04-10 20:37:28.154] [INFO] logs - request-get-url: http://apitest.zhib.net/util/locating?timespan=6e0a78aee047907c97e4cbc92f586bbc&raid=48b0f446f497291211f7bd4ff8829383&dba=a65a14ce64aecd2c40ec8f719023510edecc76223333cc9dbf1f880160028562****26ms
[2018-04-10 20:37:32.202] [INFO] logs - request-get-url: http://apitest.zhib.net/util/locating?timespan=5a360474179ec31067d0fd3a297c0608&raid=be15e0d765500434aea95a6793e2112b&dba=a65a14ce64aecd2c40ec8f719023510ed15dfba754f191084e5f4b24a4cda8e4****26ms
[2018-04-10 20:37:36.722] [INFO] logs - request-get-url: http://apitest.zhib.net/util/locating?timespan=d6a56e6e8e58f5b0dc465a075b0c5242&raid=befd4bc21b9c45b1816df8a41efa00da&dba=a65a14ce64aecd2c40ec8f719023510e329a0a39156d1c8de4ace9105a338bcb0626f2d3dcb40094477b39e015153111****42ms
[2018-04-10 20:38:20.767] [INFO] logs - request-get-url: http://apitest.zhib.net/util/locating?timespan=4871cd919aba224baa1008826e0c498d&raid=3d6f3819d8876de193b81a5a3ec2ba36&dba=a65a14ce64aecd2c40ec8f719023510e329a0a39156d1c8de4ace9105a338bcb109657a6c290665e04b2a586d60511c5****32ms
[2018-04-10 20:38:24.395] [INFO] logs - request-get-url: http://apitest.zhib.net/util/locating?timespan=38f0caace209313703e8178452396fd5&raid=e3eb8ab61f648036c6eda4d1e47f17bc&dba=a65a14ce64aecd2c40ec8f719023510ebea440883c696eafa0a4a5a02010a110****26ms
[2018-04-10 20:38:28.759] [INFO] logs - request-get-url: http://apitest.zhib.net/util/locating?timespan=c471f37412de7b3a64057254d8a27965&raid=1022ff9366b17fa82c77bb699256cf22&dba=a65a14ce64aecd2c40ec8f719023510e2b3adbca32f52a9c9b0cd5660b8f3c5c0626f2d3dcb40094477b39e015153111****29ms
[2018-04-10 20:39:28.920] [INFO] logs - request-get-url: http://apitest.zhib.net/util/locating/rcd?timespan=9901e5daa128a2429461c881feb817ac&raid=7df0a1172d73c887b32a7218f89fff35&dba=ad5ab006f9358a6d4a8fc71950c7d498d6027b33bd70f3f3f25567a6e96b5200****33ms
[2018-04-10 20:39:41.444] [INFO] logs - request-get-url: http://apitest.zhib.net/util/locating/rcd?timespan=71bd907f2533c4f0abd9adc1f3d817b9&raid=2bdc95594c6cb896bc1c47e92f64695d&dba=ad5ab006f9358a6d4a8fc71950c7d498d6027b33bd70f3f3f25567a6e96b5200****26ms
[2018-04-10 20:39:44.058] [INFO] logs - request-get-url: http://apitest.zhib.net/util/locating/rcd?timespan=e72a60c0d7c3fe550718ec25b8e266bb&raid=b50f3c2111e93db42dde06e92b83c76c&dba=ad5ab006f9358a6d4a8fc71950c7d498d6027b33bd70f3f3f25567a6e96b5200****33ms
[2018-04-10 20:39:46.317] [INFO] logs - request-get-url: http://apitest.zhib.net/util/locating?timespan=8730bb1b2f0cdd76d3c537e4cc0c6150&raid=c0a1674d9d1bc0d991551fe8cae21e7c&dba=a65a14ce64aecd2c40ec8f719023510e1f12a04a8c0bc5e7f37f28e567c0106f0626f2d3dcb40094477b39e015153111****32ms
[2018-04-10 20:39:50.550] [INFO] logs - request-get-url: http://apitest.zhib.net/util/locating?timespan=04e59becdf50b54579dd3ad57a2281cf&raid=1089a37b112d1f6588c2212c935f0674&dba=a65a14ce64aecd2c40ec8f719023510ece08449b53cd7f1f8a7a7ac9210bbf710626f2d3dcb40094477b39e015153111****25ms
[2018-04-10 20:39:53.007] [INFO] logs - request-get-url: http://apitest.zhib.net/util/locating?timespan=c24fb02690a9e433dba01e2cca5e9b1c&raid=442d6808838f8e5d4b8fccf4eb14efb9&dba=a65a14ce64aecd2c40ec8f719023510e7875b75984440cbed1eedef5ed84913e****26ms
[2018-04-10 20:39:56.181] [INFO] logs - request-get-url: http://apitest.zhib.net/util/locating?timespan=8c9faffeb510c27543be451b56bf7450&raid=aec49a84a98d5985eedd6949b7b1be22&dba=a65a14ce64aecd2c40ec8f719023510ee6ab964adb0d8f6bd01b06d08708ff520626f2d3dcb40094477b39e015153111****29ms
[2018-04-10 20:40:03.058] [INFO] logs - request-get-url: http://apitest.zhib.net/util/locating?timespan=5dc9f9946409c94106ae6404b2f9352d&raid=0960b8b5dbe2358ea391ff209868f25a&dba=a65a14ce64aecd2c40ec8f719023510e565191c2ab30d21bea8e895f934b2d5de4a4f36df4d936f9ebfe0ef279d077dd****25ms
[2018-04-10 20:40:05.725] [INFO] logs - request-get-url: http://apitest.zhib.net/util/locating?timespan=8104898068025b531ddfd4068a18b484&raid=0695091d37fb8e375f318abd7a7cc69c&dba=a65a14ce64aecd2c40ec8f719023510ee0bd38ba35066f0c7c6cf79489a91a00****33ms
[2018-04-10 20:40:06.816] [INFO] logs - request-get-url: http://apitest.zhib.net/util/locating?timespan=e480d8471781ca208820a38241275040&raid=80aabc94c081ac1853617c84ff21b330&dba=a65a14ce64aecd2c40ec8f719023510e655f718ec315315fff295153ffa0e5e0****28ms
[2018-04-10 20:40:07.633] [INFO] logs - request-get-url: http://apitest.zhib.net/util/locating?timespan=df2abd6a746d7f75582671911dc9b744&raid=250c22a95207588ac51cf597d52c577e&dba=a65a14ce64aecd2c40ec8f719023510e7875b75984440cbed1eedef5ed84913e****28ms
[2018-04-10 20:40:08.469] [INFO] logs - request-get-url: http://apitest.zhib.net/util/locating?timespan=39bf5a686427b03ea201d5bed0dc3d94&raid=66e353a97a44bda4124954f876f01321&dba=a65a14ce64aecd2c40ec8f719023510e347e38e9e5f4ecb1fa01656bc4708b56****24ms
[2018-04-10 20:40:36.075] [INFO] logs - request-get-url: http://apitest.zhib.net/util/locating/rcd?timespan=6d64be44cf5df035d1f2ddd840549100&raid=617519b0bc15d402b235753eaac8cd67&dba=ad5ab006f9358a6d4a8fc71950c7d498d6027b33bd70f3f3f25567a6e96b5200****33ms
[2018-04-10 20:41:05.460] [INFO] logs - request-get-url: http://apitest.zhib.net/util/locating/rcd?timespan=3e5097c1db1c2af932f5469ec4a567f3&raid=5a2dded83c6380c3de80e1f5fac3a25b&dba=ad5ab006f9358a6d4a8fc71950c7d498d6027b33bd70f3f3f25567a6e96b5200****32ms
[2018-04-10 20:41:06.585] [INFO] logs - request-get-url: http://apitest.zhib.net/util/locating?timespan=fa05de3dbd74f5e631ef73adea916e26&raid=47c4d429c59b41aa446b68dc74ca59af&dba=a65a14ce64aecd2c40ec8f719023510e1f12a04a8c0bc5e7f37f28e567c0106f0626f2d3dcb40094477b39e015153111****26ms
[2018-04-10 20:41:10.243] [INFO] logs - request-get-url: http://apitest.zhib.net/util/ru/rcd?timespan=173e80f5369ab1e31d72287d8098e85a&raid=80dace3531ee9a7b3da75643dd4dda8d&dba=bbc9c67ce3cc4aedc88aeacaf62dc87693c45bedd35c7bc2e91eda965cd455a8a972727d2694a9eb35b72845e30a3987****85ms
[2018-04-10 20:41:10.252] [ERROR] logs - request-get-url-error: Error: Internal Server Error ,status: 500 ,url:http://apitest.zhib.net/util/ru/rcd****94ms
[2018-04-10 20:41:14.869] [INFO] logs - request-get-url: http://apitest.zhib.net/util/ru/rcd?timespan=3527a7af196d5d7328bc5e940d97d759&raid=144ebfa15305f927e1ee87654b9e7f9c&dba=bbc9c67ce3cc4aedc88aeacaf62dc87693c45bedd35c7bc2e91eda965cd455a8a972727d2694a9eb35b72845e30a3987****81ms
[2018-04-10 20:41:14.873] [ERROR] logs - request-get-url-error: Error: Internal Server Error ,status: 500 ,url:http://apitest.zhib.net/util/ru/rcd****85ms
[2018-04-10 20:43:10.337] [INFO] logs - request-get-url: http://apitest.zhib.net/util/ru/rcd?timespan=d885e56a4f93f2a8c0bccd322e264d0c&raid=e45fd711a1f007319dcb97183c839a75&dba=bbc9c67ce3cc4aedc88aeacaf62dc87693c45bedd35c7bc2e91eda965cd455a8a972727d2694a9eb35b72845e30a3987****75ms
[2018-04-10 20:43:10.342] [ERROR] logs - request-get-url-error: Error: Internal Server Error ,status: 500 ,url:http://apitest.zhib.net/util/ru/rcd****79ms
[2018-04-10 20:43:14.985] [INFO] logs - request-get-url: http://apitest.zhib.net/util/ru/rcd?timespan=d6f40347627d691df4a455c866fc1206&raid=69169e2bc9a339085c6fa90a4cbe2629&dba=bbc9c67ce3cc4aedc88aeacaf62dc87693c45bedd35c7bc2e91eda965cd455a8a972727d2694a9eb35b72845e30a3987****67ms
[2018-04-10 20:43:14.988] [ERROR] logs - request-get-url-error: Error: Internal Server Error ,status: 500 ,url:http://apitest.zhib.net/util/ru/rcd****70ms
[2018-04-10 20:44:22.215] [INFO] logs - request-get-url: http://apitest.zhib.net/util/ru/rcd?timespan=7060df26be367afbf5f8fa0ff1b659b4&raid=589cd5a9197bd3c087ec421cdc02f858&dba=bbc9c67ce3cc4aedc88aeacaf62dc87693c45bedd35c7bc2e91eda965cd455a8a972727d2694a9eb35b72845e30a3987****160ms
[2018-04-10 20:44:22.277] [ERROR] logs - request-get-url-error: Error: Internal Server Error ,status: 500 ,url:http://apitest.zhib.net/util/ru/rcd****223ms
[2018-04-10 20:44:31.108] [INFO] logs - request-get-url: http://apitest.zhib.net/util/ru/rcd?timespan=e428842df2c5dc97dff76d1cb77cc8f4&raid=9438c9b7980d0ebf851bb92343cc09a7&dba=bbc9c67ce3cc4aedc88aeacaf62dc876ac8bcaf2a9c672beecbc39a457ea2f5ba972727d2694a9eb35b72845e30a3987****62ms
[2018-04-10 20:44:31.112] [ERROR] logs - request-get-url-error: Error: Internal Server Error ,status: 500 ,url:http://apitest.zhib.net/util/ru/rcd****66ms
[2018-04-10 20:45:53.126] [INFO] logs - request-get-url: http://apitest.zhib.net/util/ru/rcd?timespan=9d43e5fa27d03068ef9c3c8c5bdf5861&raid=df40ae1348bb33b03ec6955456cdc241&dba=bbc9c67ce3cc4aedc88aeacaf62dc876ac8bcaf2a9c672beecbc39a457ea2f5ba972727d2694a9eb35b72845e30a3987****67ms
[2018-04-10 20:45:53.134] [ERROR] logs - request-get-url-error: Error: Internal Server Error ,status: 500 ,url:http://apitest.zhib.net/util/ru/rcd****75ms
[2018-04-10 20:46:23.633] [INFO] logs - request-get-url: http://apitest.zhib.net/util/ru/rcd?timespan=b40a342942a62a0bdd71d37fc0ea43ad&raid=9c5d531bda9ab00ddec9137c672b18e6&dba=bbc9c67ce3cc4aedc88aeacaf62dc87693c45bedd35c7bc2e91eda965cd455a8a972727d2694a9eb35b72845e30a3987****1259ms
[2018-04-10 20:46:23.646] [ERROR] logs - request-get-url-error: Error: Internal Server Error ,status: 500 ,url:http://apitest.zhib.net/util/ru/rcd****1273ms
[2018-04-10 20:46:23.753] [INFO] logs - request-get-url: http://apitest.zhib.net/util/ru/rcd?timespan=1583562c739cd7b6992373bc88855408&raid=ad1167aa174b1dcc000c9c08b7d96243&dba=bbc9c67ce3cc4aedc88aeacaf62dc876ac8bcaf2a9c672beecbc39a457ea2f5ba972727d2694a9eb35b72845e30a3987****73ms
[2018-04-10 20:46:23.766] [ERROR] logs - request-get-url-error: Error: Internal Server Error ,status: 500 ,url:http://apitest.zhib.net/util/ru/rcd****86ms
[2018-04-10 20:46:31.495] [INFO] logs - request-get-url: http://apitest.zhib.net/util/ru/rcd?timespan=82b993d2995093ad788ced26e78ee115&raid=8f0806a278840b0b75bdf5af3be26945&dba=bbc9c67ce3cc4aedc88aeacaf62dc876ac8bcaf2a9c672beecbc39a457ea2f5ba972727d2694a9eb35b72845e30a3987****70ms
[2018-04-10 20:46:31.499] [ERROR] logs - request-get-url-error: Error: Internal Server Error ,status: 500 ,url:http://apitest.zhib.net/util/ru/rcd****74ms
[2018-04-10 20:46:37.435] [INFO] logs - request-get-url: http://apitest.zhib.net/util/ru/rcd?timespan=d4cd5745b4baeabd6e862073de3c327b&raid=fe39847bcd1a6ec768caac73017cc07d&dba=bbc9c67ce3cc4aedc88aeacaf62dc876ac8bcaf2a9c672beecbc39a457ea2f5ba972727d2694a9eb35b72845e30a3987****59ms
[2018-04-10 20:46:37.439] [ERROR] logs - request-get-url-error: Error: Internal Server Error ,status: 500 ,url:http://apitest.zhib.net/util/ru/rcd****63ms
[2018-04-10 20:47:53.223] [INFO] logs - request-get-url: http://apitest.zhib.net/util/ru/rcd?timespan=f6bd954dfa325f646f0a0afaa45087f7&raid=12de54297315193a779af90afac3d9b5&dba=bbc9c67ce3cc4aedc88aeacaf62dc876ac8bcaf2a9c672beecbc39a457ea2f5ba972727d2694a9eb35b72845e30a3987****55ms
[2018-04-10 20:47:53.227] [ERROR] logs - request-get-url-error: Error: Internal Server Error ,status: 500 ,url:http://apitest.zhib.net/util/ru/rcd****59ms
[2018-04-10 20:48:23.763] [INFO] logs - request-get-url: http://apitest.zhib.net/util/ru/rcd?timespan=0f57ffcf15b0612cfc3d21fc70ba95a5&raid=542697d66fd32c7308ea8f6664cb3441&dba=bbc9c67ce3cc4aedc88aeacaf62dc876ac8bcaf2a9c672beecbc39a457ea2f5ba972727d2694a9eb35b72845e30a3987****71ms
[2018-04-10 20:48:23.770] [ERROR] logs - request-get-url-error: Error: Internal Server Error ,status: 500 ,url:http://apitest.zhib.net/util/ru/rcd****78ms
[2018-04-10 20:48:31.620] [INFO] logs - request-get-url: http://apitest.zhib.net/util/ru/rcd?timespan=791fb3bb8045b65c95793630b2fb4dca&raid=613b5ade041a0e1481d90384e3076c7a&dba=bbc9c67ce3cc4aedc88aeacaf62dc876ac8bcaf2a9c672beecbc39a457ea2f5ba972727d2694a9eb35b72845e30a3987****50ms
[2018-04-10 20:48:31.625] [ERROR] logs - request-get-url-error: Error: Internal Server Error ,status: 500 ,url:http://apitest.zhib.net/util/ru/rcd****56ms
[2018-04-10 20:48:37.525] [INFO] logs - request-get-url: http://apitest.zhib.net/util/ru/rcd?timespan=35199f1e5f58e5b5ec50ad29e1eafc4d&raid=35cbafae92f0f55c0aaaac3935e74ba1&dba=bbc9c67ce3cc4aedc88aeacaf62dc876ac8bcaf2a9c672beecbc39a457ea2f5ba972727d2694a9eb35b72845e30a3987****43ms
[2018-04-10 20:48:37.531] [ERROR] logs - request-get-url-error: Error: Internal Server Error ,status: 500 ,url:http://apitest.zhib.net/util/ru/rcd****49ms
[2018-04-10 20:49:29.098] [INFO] logs - request-get-url: http://apitest.zhib.net/util/ru/rcd?timespan=83bf11f892042e41a74d3b68aca17537&raid=111b5afbd32b335f59bb19ede5375dd7&dba=bbc9c67ce3cc4aedc88aeacaf62dc876ac8bcaf2a9c672beecbc39a457ea2f5ba972727d2694a9eb35b72845e30a3987****45ms
[2018-04-10 20:49:29.104] [ERROR] logs - request-get-url-error: Error: Internal Server Error ,status: 500 ,url:http://apitest.zhib.net/util/ru/rcd****51ms
[2018-04-10 20:51:29.205] [INFO] logs - request-get-url: http://apitest.zhib.net/util/ru/rcd?timespan=1a0e966061a3c179e640c9ff57ce957a&raid=2a5ddaa11a0c2a12c22413b31f720af6&dba=bbc9c67ce3cc4aedc88aeacaf62dc876ac8bcaf2a9c672beecbc39a457ea2f5ba972727d2694a9eb35b72845e30a3987****44ms
[2018-04-10 20:51:29.209] [ERROR] logs - request-get-url-error: Error: Internal Server Error ,status: 500 ,url:http://apitest.zhib.net/util/ru/rcd****48ms
[2018-04-10 20:56:19.707] [INFO] logs - request-get-url: http://apitest.zhib.net/util/ru/rcd?timespan=659a75131df267e530ab0f8a7a9f6f44&raid=15d037d44c87f91d851a1cfebb2f8f6b&dba=bbc9c67ce3cc4aedc88aeacaf62dc876ac8bcaf2a9c672beecbc39a457ea2f5ba972727d2694a9eb35b72845e30a3987****84ms
[2018-04-10 20:56:19.774] [ERROR] logs - request-get-url-error: Error: Internal Server Error ,status: 500 ,url:http://apitest.zhib.net/util/ru/rcd****152ms
[2018-04-10 21:05:42.613] [INFO] logs - request-get-url: http://apitest.zhib.net/util/ru/rcd?timespan=5fba7abc3d1afc1c6d6ba68fdf443f37&raid=c6aa837f2f76ad0d8f542cf573c40d1b&dba=bbc9c67ce3cc4aedc88aeacaf62dc876ac8bcaf2a9c672beecbc39a457ea2f5ba972727d2694a9eb35b72845e30a3987****111ms
[2018-04-10 21:05:42.656] [ERROR] logs - request-get-url-error: Error: Internal Server Error ,status: 500 ,url:http://apitest.zhib.net/util/ru/rcd****153ms
[2018-04-10 21:05:54.098] [INFO] logs - request-get-url: http://apitest.zhib.net/category/list?timespan=0d86f6df6cec1550a02579ce5f98ed0c&raid=cdfc4c4a76f9d6232fabd6e7977559bf&dba=a65a14ce64aecd2c40ec8f719023510e5554b11f3965fa072c789b628eaa00fca972727d2694a9eb35b72845e30a3987****46ms
[2018-04-10 21:06:01.961] [INFO] logs - request-get-url: http://apitest.zhib.net/category/list?timespan=2e4c1f5f3a2c997dbe5cd8a0ae9f308a&raid=78bfd4fbf1ae1e818972f8703826db11&dba=a65a14ce64aecd2c40ec8f719023510e5554b11f3965fa072c789b628eaa00fca972727d2694a9eb35b72845e30a3987****34ms
[2018-04-10 21:07:42.557] [INFO] logs - request-get-url: http://apitest.zhib.net/util/ru/rcd?timespan=fd62ac326ec9b6dd43d68419cefec278&raid=adafb4f6f4b1727498d8b1b3ccf5e9f5&dba=bbc9c67ce3cc4aedc88aeacaf62dc876ac8bcaf2a9c672beecbc39a457ea2f5ba972727d2694a9eb35b72845e30a3987****53ms
[2018-04-10 21:07:42.561] [ERROR] logs - request-get-url-error: Error: Internal Server Error ,status: 500 ,url:http://apitest.zhib.net/util/ru/rcd****57ms
[2018-04-10 21:08:52.173] [INFO] logs - request-get-url: http://apitest.zhib.net/category/list?timespan=7c9849150dd0c4d43e167ad53f49e8d9&raid=921db5119a7d5f899a37c0728ab1cdf7&dba=a65a14ce64aecd2c40ec8f719023510e5554b11f3965fa072c789b628eaa00fca972727d2694a9eb35b72845e30a3987****57ms
[2018-04-10 21:18:01.655] [INFO] logs - request-get-url: http://apitest.zhib.net/category/list?timespan=36ee14e2028447fbed0f9da5c03ed271&raid=642c6432128f823631c9319e1d14effc&dba=a65a14ce64aecd2c40ec8f719023510e5554b11f3965fa072c789b628eaa00fca972727d2694a9eb35b72845e30a3987****38ms
[2018-04-10 21:19:30.426] [INFO] logs - request-get-url: http://apitest.zhib.net/category/list?timespan=d69e6c92989006d1ce101f22b77ff534&raid=eed211a7487ac0b20b30b16e495c3b83&dba=a65a14ce64aecd2c40ec8f719023510e5554b11f3965fa072c789b628eaa00fca972727d2694a9eb35b72845e30a3987****38ms
[2018-04-10 21:19:50.962] [INFO] logs - request-get-url: http://apitest.zhib.net/category/list?timespan=47cc106e2432c97c59d1f92d6f7f4827&raid=a216a187683dabd7424e8bd1569ce9ac&dba=a65a14ce64aecd2c40ec8f719023510e5554b11f3965fa072c789b628eaa00fca972727d2694a9eb35b72845e30a3987****40ms
[2018-04-10 21:20:04.717] [INFO] logs - request-get-url: http://apitest.zhib.net/category/list?timespan=cc1d4bb97e5e6b48b1f7fda3cc19f651&raid=051fb88016021d222560279a88694a1c&dba=a65a14ce64aecd2c40ec8f719023510e5554b11f3965fa072c789b628eaa00fca972727d2694a9eb35b72845e30a3987****34ms
[2018-04-10 21:20:48.879] [INFO] logs - request-get-url: http://apitest.zhib.net/category/list?timespan=766c55cb45c17364a76bdaec3be5e412&raid=44fb16ffdd9337dd7b5adbdf541b26a5&dba=a65a14ce64aecd2c40ec8f719023510e5554b11f3965fa072c789b628eaa00fca972727d2694a9eb35b72845e30a3987****65ms
